This is pdfTeX, Version 3.1415926-2.5-1.40.14 (MiKTeX 2.9) (preloaded format=pdflatex 2015.4.2)  27 APR 2015 09:08
entering extended mode
**report.tex
("C:\Users\Adam\classes\ECE441\FINAL PROJECT\report.tex"
LaTeX2e <2011/06/27>
Babel <v3.8m> and hyphenation patterns for english, afrikaans, ancientgreek, ar
abic, armenian, assamese, basque, bengali, bokmal, bulgarian, catalan, coptic, 
croatian, czech, danish, dutch, esperanto, estonian, farsi, finnish, french, ga
lician, german, german-x-2013-05-26, greek, gujarati, hindi, hungarian, iceland
ic, indonesian, interlingua, irish, italian, kannada, kurmanji, latin, latvian,
 lithuanian, malayalam, marathi, mongolian, mongolianlmc, monogreek, ngerman, n
german-x-2013-05-26, nynorsk, oriya, panjabi, pinyin, polish, portuguese, roman
ian, russian, sanskrit, serbian, slovak, slovenian, spanish, swedish, swissgerm
an, tamil, telugu, turkish, turkmen, ukenglish, ukrainian, uppersorbian, usengl
ishmax, welsh, loaded.
("C:\Program Files (x86)\MiKTeX 2.9\tex\latex\base\article.cls"
Document Class: article 2007/10/19 v1.4h Standard LaTeX document class
("C:\Program Files (x86)\MiKTeX 2.9\tex\latex\base\size12.clo"
File: size12.clo 2007/10/19 v1.4h Standard LaTeX file (size option)
)
\c@part=\count79
\c@section=\count80
\c@subsection=\count81
\c@subsubsection=\count82
\c@paragraph=\count83
\c@subparagraph=\count84
\c@figure=\count85
\c@table=\count86
\abovecaptionskip=\skip41
\belowcaptionskip=\skip42
\bibindent=\dimen102
)
(C:\Users\Adam\AppData\Roaming\MiKTeX\2.9\tex\latex\etoolbox\etoolbox.sty
Package: etoolbox 2015/03/19 v2.1d e-TeX tools for LaTeX (JAW)

("C:\Program Files (x86)\MiKTeX 2.9\tex\latex\misc\etex.sty"
Package: etex 1998/03/26 v2.0 eTeX basic definition package (PEB)
\et@xins=\count87
)
\etb@tempcnta=\count88
)
(C:\Users\Adam\AppData\Roaming\MiKTeX\2.9\tex\latex\listings\listings.sty
("C:\Program Files (x86)\MiKTeX 2.9\tex\latex\graphics\keyval.sty"
Package: keyval 1999/03/16 v1.13 key=value parser (DPC)
\KV@toks@=\toks14
)
\lst@mode=\count89
\lst@gtempboxa=\box26
\lst@token=\toks15
\lst@length=\count90
\lst@currlwidth=\dimen103
\lst@column=\count91
\lst@pos=\count92
\lst@lostspace=\dimen104
\lst@width=\dimen105
\lst@newlines=\count93
\lst@lineno=\count94
\lst@maxwidth=\dimen106

(C:\Users\Adam\AppData\Roaming\MiKTeX\2.9\tex\latex\listings\lstmisc.sty
File: lstmisc.sty 2014/09/06 1.5e (Carsten Heinz)
\c@lstnumber=\count95
\lst@skipnumbers=\count96
\lst@framebox=\box27
)
(C:\Users\Adam\AppData\Roaming\MiKTeX\2.9\tex\latex\listings\listings.cfg
File: listings.cfg 2014/09/06 1.5e listings configuration
))
Package: listings 2014/09/06 1.5e (Carsten Heinz)

("C:\Program Files (x86)\MiKTeX 2.9\tex\latex\float\float.sty"
Package: float 2001/11/08 v1.3d Float enhancements (AL)
\c@float@type=\count97
\float@exts=\toks16
\float@box=\box28
\@float@everytoks=\toks17
\@floatcapt=\box29
)
("C:\Program Files (x86)\MiKTeX 2.9\tex\latex\graphics\graphicx.sty"
Package: graphicx 1999/02/16 v1.0f Enhanced LaTeX Graphics (DPC,SPQR)

("C:\Program Files (x86)\MiKTeX 2.9\tex\latex\graphics\graphics.sty"
Package: graphics 2009/02/05 v1.0o Standard LaTeX Graphics (DPC,SPQR)

("C:\Program Files (x86)\MiKTeX 2.9\tex\latex\graphics\trig.sty"
Package: trig 1999/03/16 v1.09 sin cos tan (DPC)
)
("C:\Program Files (x86)\MiKTeX 2.9\tex\latex\00miktex\graphics.cfg"
File: graphics.cfg 2007/01/18 v1.5 graphics configuration of teTeX/TeXLive
)
Package graphics Info: Driver file: pdftex.def on input line 91.

("C:\Program Files (x86)\MiKTeX 2.9\tex\latex\pdftex-def\pdftex.def"
File: pdftex.def 2011/05/27 v0.06d Graphics/color for pdfTeX

("C:\Program Files (x86)\MiKTeX 2.9\tex\generic\oberdiek\infwarerr.sty"
Package: infwarerr 2010/04/08 v1.3 Providing info/warning/error messages (HO)
)
("C:\Program Files (x86)\MiKTeX 2.9\tex\generic\oberdiek\ltxcmds.sty"
Package: ltxcmds 2011/11/09 v1.22 LaTeX kernel commands for general use (HO)
)
\Gread@gobject=\count98
))
\Gin@req@height=\dimen107
\Gin@req@width=\dimen108
)
("C:\Program Files (x86)\MiKTeX 2.9\tex\latex\graphics\color.sty"
Package: color 2005/11/14 v1.0j Standard LaTeX Color (DPC)

("C:\Program Files (x86)\MiKTeX 2.9\tex\latex\00miktex\color.cfg"
File: color.cfg 2007/01/18 v1.5 color configuration of teTeX/TeXLive
)
Package color Info: Driver file: pdftex.def on input line 130.
)
(C:\Users\Adam\AppData\Roaming\MiKTeX\2.9\tex\latex\caption\caption.sty
Package: caption 2013/05/02 v3.3-89 Customizing captions (AR)

(C:\Users\Adam\AppData\Roaming\MiKTeX\2.9\tex\latex\caption\caption3.sty
Package: caption3 2013/05/02 v1.6-88 caption3 kernel (AR)
Package caption3 Info: TeX engine: e-TeX on input line 57.
\captionmargin=\dimen109
\captionmargin@=\dimen110
\captionwidth=\dimen111
\caption@tempdima=\dimen112
\caption@indent=\dimen113
\caption@parindent=\dimen114
\caption@hangindent=\dimen115
)
\c@ContinuedFloat=\count99
Package caption Info: float package is loaded.
Package caption Info: listings package is loaded.
)
(C:\Users\Adam\AppData\Roaming\MiKTeX\2.9\tex\latex\listings\lstlang1.sty
File: lstlang1.sty 2014/09/06 1.5e listings language file
)
(C:\Users\Adam\AppData\Roaming\MiKTeX\2.9\tex\latex\listings\lstlang2.sty
File: lstlang2.sty 2014/09/06 1.5e listings language file
)
(C:\Users\Adam\AppData\Roaming\MiKTeX\2.9\tex\latex\listings\lstlang3.sty
File: lstlang3.sty 2014/09/06 1.5e listings language file
)
("C:\Users\Adam\classes\ECE441\FINAL PROJECT\report.aux")
LaTeX Font Info:    Checking defaults for OML/cmm/m/it on input line 48.
LaTeX Font Info:    ... okay on input line 48.
LaTeX Font Info:    Checking defaults for T1/cmr/m/n on input line 48.
LaTeX Font Info:    ... okay on input line 48.
LaTeX Font Info:    Checking defaults for OT1/cmr/m/n on input line 48.
LaTeX Font Info:    ... okay on input line 48.
LaTeX Font Info:    Checking defaults for OMS/cmsy/m/n on input line 48.
LaTeX Font Info:    ... okay on input line 48.
LaTeX Font Info:    Checking defaults for OMX/cmex/m/n on input line 48.
LaTeX Font Info:    ... okay on input line 48.
LaTeX Font Info:    Checking defaults for U/cmr/m/n on input line 48.
LaTeX Font Info:    ... okay on input line 48.
\c@lstlisting=\count100

(C:\Users\Adam\AppData\Roaming\MiKTeX\2.9\tex\context\base\supp-pdf.mkii
[Loading MPS to PDF converter (version 2006.09.02).]
\scratchcounter=\count101
\scratchdimen=\dimen116
\scratchbox=\box30
\nofMPsegments=\count102
\nofMParguments=\count103
\everyMPshowfont=\toks18
\MPscratchCnt=\count104
\MPscratchDim=\dimen117
\MPnumerator=\count105
\makeMPintoPDFobject=\count106
\everyMPtoPDFconversion=\toks19
)
Package caption Info: Begin \AtBeginDocument code.
Package caption Info: End \AtBeginDocument code.
LaTeX Font Info:    External font `cmex10' loaded for size
(Font)              <12> on input line 81.
LaTeX Font Info:    External font `cmex10' loaded for size
(Font)              <8> on input line 81.
LaTeX Font Info:    External font `cmex10' loaded for size
(Font)              <6> on input line 81.
 [1

{C:/Users/Adam/AppData/Local/MiKTeX/2.9/pdftex/config/pdftex.map}]
("C:\Users\Adam\classes\ECE441\FINAL PROJECT\report.toc" [1] [2])
\tf@toc=\write3
 [3]
("C:\Users\Adam\classes\ECE441\FINAL PROJECT\report.lof")
\tf@lof=\write4
 [4]
LaTeX Font Info:    Try loading font information for OMS+cmr on input line 126.


("C:\Program Files (x86)\MiKTeX 2.9\tex\latex\base\omscmr.fd"
File: omscmr.fd 1999/05/25 v2.5h Standard LaTeX font definitions
)
LaTeX Font Info:    Font shape `OMS/cmr/m/n' in size <12> not available
(Font)              Font shape `OMS/cmsy/m/n' tried instead on input line 126.

<monitor.png, id=21, 448.67625pt x 314.17375pt>
File: monitor.png Graphic file (type png)
 <use monitor.png>
Package pdftex.def Info: monitor.png used on input line 137.
(pdftex.def)             Requested size: 272.99881pt x 191.1663pt.
 [5] [6 <C:/Users/Adam/classes/ECE441/FINAL PROJECT/monitor.png>]
<commandint.png, id=33, 432.11438pt x 1006.51031pt>
File: commandint.png Graphic file (type png)
 <use commandint.png>
Package pdftex.def Info: commandint.png used on input line 148.
(pdftex.def)             Requested size: 214.50119pt x 499.62941pt.

[7] [8 <C:/Users/Adam/classes/ECE441/FINAL PROJECT/commandint.png>]
("C:\Users\Adam\classes\ECE441\FINAL PROJECT\Project.X68"
LaTeX Font Info:    Font shape `OMS/cmr/m/n' in size <10> not available
(Font)              Font shape `OMS/cmsy/m/n' tried instead on input line 155.
LaTeX Font Info:    External font `cmex10' loaded for size
(Font)              <7> on input line 157.
LaTeX Font Info:    External font `cmex10' loaded for size
(Font)              <5> on input line 157.
 [9]
Overfull \hbox (152.00531pt too wide) in paragraph at lines 208--210
[][][][] 
 []


Overfull \hbox (152.00531pt too wide) in paragraph at lines 220--223
[][][][] 
 []


Overfull \hbox (152.00531pt too wide) in paragraph at lines 223--225
[][][][] 
 []

[10]
Overfull \hbox (152.00531pt too wide) in paragraph at lines 235--237
[][][][] 
 []


Overfull \hbox (152.00531pt too wide) in paragraph at lines 248--250
[][][][] 
 []


Overfull \hbox (152.00531pt too wide) in paragraph at lines 262--264
[][][][] 
 []

[11]
Overfull \hbox (152.00531pt too wide) in paragraph at lines 274--275
[][][][] 
 []


Overfull \hbox (152.00531pt too wide) in paragraph at lines 279--281
[][][][] 
 []


Overfull \hbox (152.00531pt too wide) in paragraph at lines 288--290
[][][][] 
 []

[12]
Overfull \hbox (152.00531pt too wide) in paragraph at lines 307--309
[][][][] 
 []


Overfull \hbox (152.00531pt too wide) in paragraph at lines 316--318
[][][][] 
 []


Overfull \hbox (152.00531pt too wide) in paragraph at lines 324--326
[][][][] 
 []


Overfull \hbox (152.00531pt too wide) in paragraph at lines 340--342
[][][][] 
 []

[13]
Overfull \hbox (152.00531pt too wide) in paragraph at lines 372--373
[][][][] 
 []

[14]
Overfull \hbox (152.00531pt too wide) in paragraph at lines 387--388
[][][][] 
 []


Overfull \hbox (152.00531pt too wide) in paragraph at lines 397--398
[][][][] 
 []

) <help.png, id=59, 229.85875pt x 142.5325pt>
File: help.png Graphic file (type png)
 <use help.png>
Package pdftex.def Info: help.png used on input line 163.
(pdftex.def)             Requested size: 155.99762pt x 96.73811pt.
 [15]
Underfull \hbox (badness 10000) in paragraph at lines 168--169

 []

("C:\Users\Adam\classes\ECE441\FINAL PROJECT\Project.X68" [16 <C:/Users/Adam/cl
asses/ECE441/FINAL PROJECT/help.png>] [17] [18] [19])
<memdsp.png, id=76, 430.60875pt x 302.12875pt>
File: memdsp.png Graphic file (type png)
 <use memdsp.png>
Package pdftex.def Info: memdsp.png used on input line 176.
(pdftex.def)             Requested size: 272.99881pt x 191.54996pt.
 [20]
Underfull \hbox (badness 10000) in paragraph at lines 181--182

 []

("C:\Users\Adam\classes\ECE441\FINAL PROJECT\Project.X68" [21 <C:/Users/Adam/cl
asses/ECE441/FINAL PROJECT/memdsp.png>])
Underfull \hbox (badness 10000) in paragraph at lines 185--186

 []


Underfull \hbox (badness 10000) in paragraph at lines 187--188

 []

[22] ("C:\Users\Adam\classes\ECE441\FINAL PROJECT\Project.X68" [23])
Underfull \hbox (badness 10000) in paragraph at lines 193--194

 []

("C:\Users\Adam\classes\ECE441\FINAL PROJECT\Project.X68" [24] [25])
Underfull \hbox (badness 10000) in paragraph at lines 197--198

 []


Underfull \hbox (badness 10000) in paragraph at lines 198--199

 []

[26] ("C:\Users\Adam\classes\ECE441\FINAL PROJECT\Project.X68" [27] [28]
[29] [30] [31] [32])
Underfull \hbox (badness 10000) in paragraph at lines 202--203

 []


Underfull \hbox (badness 10000) in paragraph at lines 203--204

 []

("C:\Users\Adam\classes\ECE441\FINAL PROJECT\Project.X68" [33])
Underfull \hbox (badness 10000) in paragraph at lines 207--208

 []


Underfull \hbox (badness 10000) in paragraph at lines 208--209

 []

("C:\Users\Adam\classes\ECE441\FINAL PROJECT\Project.X68" [34])
Underfull \hbox (badness 10000) in paragraph at lines 212--213

 []


Underfull \hbox (badness 10000) in paragraph at lines 213--213

 []

("C:\Users\Adam\classes\ECE441\FINAL PROJECT\Project.X68" [35] [36])
Underfull \hbox (badness 10000) in paragraph at lines 216--217

 []


Underfull \hbox (badness 10000) in paragraph at lines 217--217

 []

("C:\Users\Adam\classes\ECE441\FINAL PROJECT\Project.X68" [37] [38] [39])
Underfull \hbox (badness 10000) in paragraph at lines 220--221

 []


Underfull \hbox (badness 10000) in paragraph at lines 221--221

 []

("C:\Users\Adam\classes\ECE441\FINAL PROJECT\Project.X68" [40] [41] [42])
Underfull \hbox (badness 10000) in paragraph at lines 224--225

 []


Underfull \hbox (badness 10000) in paragraph at lines 225--225

 []

("C:\Users\Adam\classes\ECE441\FINAL PROJECT\Project.X68")
Underfull \hbox (badness 10000) in paragraph at lines 228--229

 []


Underfull \hbox (badness 10000) in paragraph at lines 229--229

 []

("C:\Users\Adam\classes\ECE441\FINAL PROJECT\Project.X68" [43] [44] [45]
[46] [47] [48] [49] [50] [51])
Underfull \hbox (badness 10000) in paragraph at lines 232--233

 []

[52]
Underfull \hbox (badness 10000) in paragraph at lines 233--233

 []

("C:\Users\Adam\classes\ECE441\FINAL PROJECT\Project.X68" [53] [54] [55]
[56] [57] [58] [59] [60] [61])
Underfull \hbox (badness 10000) in paragraph at lines 236--237

 []


Underfull \hbox (badness 10000) in paragraph at lines 237--237

 []

("C:\Users\Adam\classes\ECE441\FINAL PROJECT\Project.X68" [62])
Underfull \hbox (badness 10000) in paragraph at lines 242--243

 []


Underfull \hbox (badness 10000) in paragraph at lines 243--243

 []

("C:\Users\Adam\classes\ECE441\FINAL PROJECT\Project.X68" [63])
Underfull \hbox (badness 10000) in paragraph at lines 246--247

 []


Underfull \hbox (badness 10000) in paragraph at lines 247--247

 []

("C:\Users\Adam\classes\ECE441\FINAL PROJECT\Project.X68" [64])
Underfull \hbox (badness 10000) in paragraph at lines 250--251

 []


Underfull \hbox (badness 10000) in paragraph at lines 251--251

 []

("C:\Users\Adam\classes\ECE441\FINAL PROJECT\Project.X68")
Underfull \hbox (badness 10000) in paragraph at lines 254--255

 []


Underfull \hbox (badness 10000) in paragraph at lines 255--255

 []

("C:\Users\Adam\classes\ECE441\FINAL PROJECT\Project.X68" [65])
("C:\Users\Adam\classes\ECE441\FINAL PROJECT\Project.X68")
Underfull \hbox (badness 10000) in paragraph at lines 261--262

 []


Underfull \hbox (badness 10000) in paragraph at lines 262--262

 []

("C:\Users\Adam\classes\ECE441\FINAL PROJECT\Project.X68" [66])
Underfull \hbox (badness 10000) in paragraph at lines 265--266

 []


Underfull \hbox (badness 10000) in paragraph at lines 266--266

 []

[67] ("C:\Users\Adam\classes\ECE441\FINAL PROJECT\Project.X68")
Underfull \hbox (badness 10000) in paragraph at lines 269--270

 []

[68]
Underfull \hbox (badness 10000) in paragraph at lines 270--270

 []

("C:\Users\Adam\classes\ECE441\FINAL PROJECT\Project.X68")
Underfull \hbox (badness 10000) in paragraph at lines 273--274

 []


Underfull \hbox (badness 10000) in paragraph at lines 274--274

 []

("C:\Users\Adam\classes\ECE441\FINAL PROJECT\Project.X68")
Underfull \hbox (badness 10000) in paragraph at lines 277--278

 []


Underfull \hbox (badness 10000) in paragraph at lines 278--278

 []

("C:\Users\Adam\classes\ECE441\FINAL PROJECT\Project.X68" [69])
Underfull \hbox (badness 10000) in paragraph at lines 281--282

 []


Underfull \hbox (badness 10000) in paragraph at lines 282--282

 []

("C:\Users\Adam\classes\ECE441\FINAL PROJECT\Project.X68")
Underfull \hbox (badness 10000) in paragraph at lines 285--286

 []


Underfull \hbox (badness 10000) in paragraph at lines 286--286

 []

("C:\Users\Adam\classes\ECE441\FINAL PROJECT\Project.X68")
Underfull \hbox (badness 10000) in paragraph at lines 289--290

 []

[70]
Underfull \hbox (badness 10000) in paragraph at lines 290--290

 []

("C:\Users\Adam\classes\ECE441\FINAL PROJECT\Project.X68")
Underfull \hbox (badness 10000) in paragraph at lines 293--294

 []


Underfull \hbox (badness 10000) in paragraph at lines 294--295

 []

[71] ("C:\Users\Adam\classes\ECE441\FINAL PROJECT\report.aux") ) 
Here is how much of TeX's memory you used:
 4528 strings out of 493921
 68772 string characters out of 3144880
 401649 words of memory out of 3000000
 7745 multiletter control sequences out of 15000+200000
 10527 words of font info for 37 fonts, out of 3000000 for 9000
 841 hyphenation exceptions out of 8191
 36i,7n,41p,1458b,1591s stack positions out of 5000i,500n,10000p,200000b,50000s
<C:/Program Fil
es (x86)/MiKTeX 2.9/fonts/type1/public/amsfonts/cm/cmbx10.pfb><C:/Program Files
 (x86)/MiKTeX 2.9/fonts/type1/public/amsfonts/cm/cmbx12.pfb><C:/Program Files (
x86)/MiKTeX 2.9/fonts/type1/public/amsfonts/cm/cmcsc10.pfb><C:/Program Files (x
86)/MiKTeX 2.9/fonts/type1/public/amsfonts/cm/cmr10.pfb><C:/Program Files (x86)
/MiKTeX 2.9/fonts/type1/public/amsfonts/cm/cmr12.pfb><C:/Program Files (x86)/Mi
KTeX 2.9/fonts/type1/public/amsfonts/cm/cmsy10.pfb><C:/Program Files (x86)/MiKT
eX 2.9/fonts/type1/public/amsfonts/cm/cmti12.pfb><C:/Program Files (x86)/MiKTeX
 2.9/fonts/type1/public/amsfonts/cm/cmtt12.pfb>
Output written on report.pdf (72 pages, 321231 bytes).
PDF statistics:
 269 PDF objects out of 1000 (max. 8388607)
 0 named destinations out of 1000 (max. 500000)
 21 words of extra memory for PDF output out of 10000 (max. 10000000)

