This is pdfTeX, Version 3.1415926-2.5-1.40.14 (MiKTeX 2.9) (preloaded format=pdflatex 2015.4.2)  6 OCT 2015 05:13
entering extended mode
**document.tex
(C:\Users\Adam\classes\ECE485\vhdl-project-1\report\document.tex
LaTeX2e <2011/06/27>
Babel <v3.8m> and hyphenation patterns for english, afrikaans, ancientgreek, ar
abic, armenian, assamese, basque, bengali, bokmal, bulgarian, catalan, coptic, 
croatian, czech, danish, dutch, esperanto, estonian, farsi, finnish, french, ga
lician, german, german-x-2013-05-26, greek, gujarati, hindi, hungarian, iceland
ic, indonesian, interlingua, irish, italian, kannada, kurmanji, latin, latvian,
 lithuanian, malayalam, marathi, mongolian, mongolianlmc, monogreek, ngerman, n
german-x-2013-05-26, nynorsk, oriya, panjabi, pinyin, polish, portuguese, roman
ian, russian, sanskrit, serbian, slovak, slovenian, spanish, swedish, swissgerm
an, tamil, telugu, turkish, turkmen, ukenglish, ukrainian, uppersorbian, usengl
ishmax, welsh, loaded.
("C:\Program Files (x86)\MiKTeX 2.9\tex\latex\base\article.cls"
Document Class: article 2007/10/19 v1.4h Standard LaTeX document class
("C:\Program Files (x86)\MiKTeX 2.9\tex\latex\base\size12.clo"
File: size12.clo 2007/10/19 v1.4h Standard LaTeX file (size option)
)
\c@part=\count79
\c@section=\count80
\c@subsection=\count81
\c@subsubsection=\count82
\c@paragraph=\count83
\c@subparagraph=\count84
\c@figure=\count85
\c@table=\count86
\abovecaptionskip=\skip41
\belowcaptionskip=\skip42
\bibindent=\dimen102
)
(C:\Users\Adam\AppData\Roaming\MiKTeX\2.9\tex\latex\listings\listings.sty
("C:\Program Files (x86)\MiKTeX 2.9\tex\latex\graphics\keyval.sty"
Package: keyval 1999/03/16 v1.13 key=value parser (DPC)
\KV@toks@=\toks14
)
\lst@mode=\count87
\lst@gtempboxa=\box26
\lst@token=\toks15
\lst@length=\count88
\lst@currlwidth=\dimen103
\lst@column=\count89
\lst@pos=\count90
\lst@lostspace=\dimen104
\lst@width=\dimen105
\lst@newlines=\count91
\lst@lineno=\count92
\lst@maxwidth=\dimen106

(C:\Users\Adam\AppData\Roaming\MiKTeX\2.9\tex\latex\listings\lstmisc.sty
File: lstmisc.sty 2014/09/06 1.5e (Carsten Heinz)
\c@lstnumber=\count93
\lst@skipnumbers=\count94
\lst@framebox=\box27
)
(C:\Users\Adam\AppData\Roaming\MiKTeX\2.9\tex\latex\listings\listings.cfg
File: listings.cfg 2014/09/06 1.5e listings configuration
))
Package: listings 2014/09/06 1.5e (Carsten Heinz)

("C:\Program Files (x86)\MiKTeX 2.9\tex\latex\graphics\color.sty"
Package: color 2005/11/14 v1.0j Standard LaTeX Color (DPC)

("C:\Program Files (x86)\MiKTeX 2.9\tex\latex\00miktex\color.cfg"
File: color.cfg 2007/01/18 v1.5 color configuration of teTeX/TeXLive
)
Package color Info: Driver file: pdftex.def on input line 130.

("C:\Program Files (x86)\MiKTeX 2.9\tex\latex\pdftex-def\pdftex.def"
File: pdftex.def 2011/05/27 v0.06d Graphics/color for pdfTeX

("C:\Program Files (x86)\MiKTeX 2.9\tex\generic\oberdiek\infwarerr.sty"
Package: infwarerr 2010/04/08 v1.3 Providing info/warning/error messages (HO)
)
("C:\Program Files (x86)\MiKTeX 2.9\tex\generic\oberdiek\ltxcmds.sty"
Package: ltxcmds 2011/11/09 v1.22 LaTeX kernel commands for general use (HO)
)
\Gread@gobject=\count95
))
("C:\Program Files (x86)\MiKTeX 2.9\tex\latex\float\float.sty"
Package: float 2001/11/08 v1.3d Float enhancements (AL)
\c@float@type=\count96
\float@exts=\toks16
\float@box=\box28
\@float@everytoks=\toks17
\@floatcapt=\box29
)
("C:\Program Files (x86)\MiKTeX 2.9\tex\latex\graphics\graphicx.sty"
Package: graphicx 1999/02/16 v1.0f Enhanced LaTeX Graphics (DPC,SPQR)

("C:\Program Files (x86)\MiKTeX 2.9\tex\latex\graphics\graphics.sty"
Package: graphics 2009/02/05 v1.0o Standard LaTeX Graphics (DPC,SPQR)

("C:\Program Files (x86)\MiKTeX 2.9\tex\latex\graphics\trig.sty"
Package: trig 1999/03/16 v1.09 sin cos tan (DPC)
)
("C:\Program Files (x86)\MiKTeX 2.9\tex\latex\00miktex\graphics.cfg"
File: graphics.cfg 2007/01/18 v1.5 graphics configuration of teTeX/TeXLive
)
Package graphics Info: Driver file: pdftex.def on input line 91.
)
\Gin@req@height=\dimen107
\Gin@req@width=\dimen108
)
(C:\Users\Adam\AppData\Roaming\MiKTeX\2.9\tex\latex\listings\lstlang1.sty
File: lstlang1.sty 2014/09/06 1.5e listings language file
)
(C:\Users\Adam\classes\ECE485\vhdl-project-1\report\document.aux)
LaTeX Font Info:    Checking defaults for OML/cmm/m/it on input line 43.
LaTeX Font Info:    ... okay on input line 43.
LaTeX Font Info:    Checking defaults for T1/cmr/m/n on input line 43.
LaTeX Font Info:    ... okay on input line 43.
LaTeX Font Info:    Checking defaults for OT1/cmr/m/n on input line 43.
LaTeX Font Info:    ... okay on input line 43.
LaTeX Font Info:    Checking defaults for OMS/cmsy/m/n on input line 43.
LaTeX Font Info:    ... okay on input line 43.
LaTeX Font Info:    Checking defaults for OMX/cmex/m/n on input line 43.
LaTeX Font Info:    ... okay on input line 43.
LaTeX Font Info:    Checking defaults for U/cmr/m/n on input line 43.
LaTeX Font Info:    ... okay on input line 43.
\c@lstlisting=\count97

(C:\Users\Adam\AppData\Roaming\MiKTeX\2.9\tex\context\base\supp-pdf.mkii
[Loading MPS to PDF converter (version 2006.09.02).]
\scratchcounter=\count98
\scratchdimen=\dimen109
\scratchbox=\box30
\nofMPsegments=\count99
\nofMParguments=\count100
\everyMPshowfont=\toks18
\MPscratchCnt=\count101
\MPscratchDim=\dimen110
\MPnumerator=\count102
\makeMPintoPDFobject=\count103
\everyMPtoPDFconversion=\toks19
)
LaTeX Font Info:    External font `cmex10' loaded for size
(Font)              <14.4> on input line 45.
LaTeX Font Info:    External font `cmex10' loaded for size
(Font)              <7> on input line 45.
 <read-ports.png, id=1, 619.56468pt x 447.17062pt>
File: read-ports.png Graphic file (type png)
 <use read-ports.png>
Package pdftex.def Info: read-ports.png used on input line 55.
(pdftex.def)             Requested size: 390.0pt x 281.48016pt.

[1

{C:/Users/Adam/AppData/Local/MiKTeX/2.9/pdftex/config/pdftex.map}]
<write.png, id=12, 302.63063pt x 201.75375pt>
File: write.png Graphic file (type png)
 <use write.png>
Package pdftex.def Info: write.png used on input line 63.
(pdftex.def)             Requested size: 312.00119pt x 208.00262pt.
 [2 <C:/Users/Adam/classes/ECE485/vhdl-project-1/report/read-ports.png>]
<register_file.png, id=17, 505.89pt x 315.42844pt>
File: register_file.png Graphic file (type png)
 <use register_file.png>
Package pdftex.def Info: register_file.png used on input line 70.
(pdftex.def)             Requested size: 390.0pt x 243.17422pt.

[3 <C:/Users/Adam/classes/ECE485/vhdl-project-1/report/write.png> <C:/Users/Ada
m/classes/ECE485/vhdl-project-1/report/register_file.png>]
(C:\Users\Adam\classes\ECE485\vhdl-project-1\register.vhd
Overfull \hbox (91.80484pt too wide) in paragraph at lines 20--21
[][][][][][][][][][][][][][][][][][][][][][][][][][][][][][][][][][][][][][] 
 []

LaTeX Font Info:    Try loading font information for OML+cmr on input line 26.
("C:\Program Files (x86)\MiKTeX 2.9\tex\latex\base\omlcmr.fd"
File: omlcmr.fd 1999/05/25 v2.5h Standard LaTeX font definitions
)
LaTeX Font Info:    Font shape `OML/cmr/m/n' in size <10.95> not available
(Font)              Font shape `OML/cmm/m/it' tried instead on input line 26.

Overfull \hbox (6.39395pt too wide) in paragraph at lines 26--27
[][][][][][][][][][][][][][][][][][][] 
 []

[4]
Overfull \hbox (6.39395pt too wide) in paragraph at lines 27--28
[][][][][][][][][][][][][][][][][][][] 
 []


Overfull \hbox (45.81436pt too wide) in paragraph at lines 29--30
[][][][][][][][][][][][][][][][][][][][][] 
 []

)
LaTeX Font Info:    External font `cmex10' loaded for size
(Font)              <12> on input line 84.
LaTeX Font Info:    External font `cmex10' loaded for size
(Font)              <8> on input line 84.
LaTeX Font Info:    External font `cmex10' loaded for size
(Font)              <6> on input line 84.

Overfull \hbox (8.25801pt too wide) in paragraph at lines 84--85
\OT1/cmr/m/n/12 the reg-is-ter file is cor-rect. All reg-is-ters will start wit
h value $0000000000000000[]$.
 []


Overfull \hbox (38.9666pt too wide) in paragraph at lines 84--85
\OT1/cmr/m/n/12 Value $1000000000000000[]$ will be writ-ten into reg-is-ter 2 a
nd value $0000000000000001[]$
 []

<sim-start.png, id=26, 304.88907pt x 134.75343pt>
File: sim-start.png Graphic file (type png)
 <use sim-start.png>
Package pdftex.def Info: sim-start.png used on input line 88.
(pdftex.def)             Requested size: 390.0pt x 172.37688pt.

<write1.png, id=27, 410.2828pt x 226.59656pt>
File: write1.png Graphic file (type png)
 <use write1.png>
Package pdftex.def Info: write1.png used on input line 97.
(pdftex.def)             Requested size: 390.0pt x 215.39342pt.
 [5 <C:/Users/Adam/classes/ECE485/vhdl-project-1/report/sim-start.png>]
<write2.png, id=34, 411.78844pt x 225.84375pt>
File: write2.png Graphic file (type png)
 <use write2.png>
Package pdftex.def Info: write2.png used on input line 106.
(pdftex.def)             Requested size: 390.0pt x 213.89557pt.
 [6 <C:/Users/Adam/classes/ECE485/vhdl-project-1/report/write1.png> <C:/Users/A
dam/classes/ECE485/vhdl-project-1/report/write2.png>]
<sim-read.png, id=40, 413.29407pt x 226.59656pt>
File: sim-read.png Graphic file (type png)
 <use sim-read.png>
Package pdftex.def Info: sim-read.png used on input line 115.
(pdftex.def)             Requested size: 390.0pt x 213.8306pt.
 [7 <C:/Users/Adam/classes/ECE485/vhdl-project-1/report/sim-read.png>]
(C:\Users\Adam\classes\ECE485\vhdl-project-1\report\document.aux) ) 
Here is how much of TeX's memory you used:
 2653 strings out of 493921
 37344 string characters out of 3144880
 134175 words of memory out of 3000000
 5950 multiletter control sequences out of 15000+200000
 9329 words of font info for 33 fonts, out of 3000000 for 9000
 841 hyphenation exceptions out of 8191
 27i,7n,36p,1593b,1555s stack positions out of 5000i,500n,10000p,200000b,50000s
<C:/Program 
Files (x86)/MiKTeX 2.9/fonts/type1/public/amsfonts/cm/cmbx12.pfb><C:/Program Fi
les (x86)/MiKTeX 2.9/fonts/type1/public/amsfonts/cm/cmmi10.pfb><C:/Program File
s (x86)/MiKTeX 2.9/fonts/type1/public/amsfonts/cm/cmr10.pfb><C:/Program Files (
x86)/MiKTeX 2.9/fonts/type1/public/amsfonts/cm/cmr12.pfb><C:/Program Files (x86
)/MiKTeX 2.9/fonts/type1/public/amsfonts/cm/cmr17.pfb><C:/Program Files (x86)/M
iKTeX 2.9/fonts/type1/public/amsfonts/cm/cmr8.pfb><C:/Program Files (x86)/MiKTe
X 2.9/fonts/type1/public/amsfonts/cm/cmtt12.pfb>
Output written on document.pdf (7 pages, 194843 bytes).
PDF statistics:
 69 PDF objects out of 1000 (max. 8388607)
 0 named destinations out of 1000 (max. 500000)
 36 words of extra memory for PDF output out of 10000 (max. 10000000)

