This is pdfTeX, Version 3.1415926-2.5-1.40.14 (MiKTeX 2.9) (preloaded format=pdflatex 2015.4.2)  16 NOV 2015 07:25
entering extended mode
**document.tex
(C:\Users\Adam\classes\ECE485\vhdl-project-2\report\document.tex
LaTeX2e <2011/06/27>
Babel <v3.8m> and hyphenation patterns for english, afrikaans, ancientgreek, ar
abic, armenian, assamese, basque, bengali, bokmal, bulgarian, catalan, coptic, 
croatian, czech, danish, dutch, esperanto, estonian, farsi, finnish, french, ga
lician, german, german-x-2013-05-26, greek, gujarati, hindi, hungarian, iceland
ic, indonesian, interlingua, irish, italian, kannada, kurmanji, latin, latvian,
 lithuanian, malayalam, marathi, mongolian, mongolianlmc, monogreek, ngerman, n
german-x-2013-05-26, nynorsk, oriya, panjabi, pinyin, polish, portuguese, roman
ian, russian, sanskrit, serbian, slovak, slovenian, spanish, swedish, swissgerm
an, tamil, telugu, turkish, turkmen, ukenglish, ukrainian, uppersorbian, usengl
ishmax, welsh, loaded.
("C:\Program Files (x86)\MiKTeX 2.9\tex\latex\base\article.cls"
Document Class: article 2007/10/19 v1.4h Standard LaTeX document class
("C:\Program Files (x86)\MiKTeX 2.9\tex\latex\base\size12.clo"
File: size12.clo 2007/10/19 v1.4h Standard LaTeX file (size option)
)
\c@part=\count79
\c@section=\count80
\c@subsection=\count81
\c@subsubsection=\count82
\c@paragraph=\count83
\c@subparagraph=\count84
\c@figure=\count85
\c@table=\count86
\abovecaptionskip=\skip41
\belowcaptionskip=\skip42
\bibindent=\dimen102
)
(C:\Users\Adam\AppData\Roaming\MiKTeX\2.9\tex\latex\listings\listings.sty
("C:\Program Files (x86)\MiKTeX 2.9\tex\latex\graphics\keyval.sty"
Package: keyval 1999/03/16 v1.13 key=value parser (DPC)
\KV@toks@=\toks14
)
\lst@mode=\count87
\lst@gtempboxa=\box26
\lst@token=\toks15
\lst@length=\count88
\lst@currlwidth=\dimen103
\lst@column=\count89
\lst@pos=\count90
\lst@lostspace=\dimen104
\lst@width=\dimen105
\lst@newlines=\count91
\lst@lineno=\count92
\lst@maxwidth=\dimen106

(C:\Users\Adam\AppData\Roaming\MiKTeX\2.9\tex\latex\listings\lstmisc.sty
File: lstmisc.sty 2014/09/06 1.5e (Carsten Heinz)
\c@lstnumber=\count93
\lst@skipnumbers=\count94
\lst@framebox=\box27
)
(C:\Users\Adam\AppData\Roaming\MiKTeX\2.9\tex\latex\listings\listings.cfg
File: listings.cfg 2014/09/06 1.5e listings configuration
))
Package: listings 2014/09/06 1.5e (Carsten Heinz)

("C:\Program Files (x86)\MiKTeX 2.9\tex\latex\graphics\color.sty"
Package: color 2005/11/14 v1.0j Standard LaTeX Color (DPC)

("C:\Program Files (x86)\MiKTeX 2.9\tex\latex\00miktex\color.cfg"
File: color.cfg 2007/01/18 v1.5 color configuration of teTeX/TeXLive
)
Package color Info: Driver file: pdftex.def on input line 130.

("C:\Program Files (x86)\MiKTeX 2.9\tex\latex\pdftex-def\pdftex.def"
File: pdftex.def 2011/05/27 v0.06d Graphics/color for pdfTeX

("C:\Program Files (x86)\MiKTeX 2.9\tex\generic\oberdiek\infwarerr.sty"
Package: infwarerr 2010/04/08 v1.3 Providing info/warning/error messages (HO)
)
("C:\Program Files (x86)\MiKTeX 2.9\tex\generic\oberdiek\ltxcmds.sty"
Package: ltxcmds 2011/11/09 v1.22 LaTeX kernel commands for general use (HO)
)
\Gread@gobject=\count95
))
("C:\Program Files (x86)\MiKTeX 2.9\tex\latex\float\float.sty"
Package: float 2001/11/08 v1.3d Float enhancements (AL)
\c@float@type=\count96
\float@exts=\toks16
\float@box=\box28
\@float@everytoks=\toks17
\@floatcapt=\box29
)
("C:\Program Files (x86)\MiKTeX 2.9\tex\latex\graphics\graphicx.sty"
Package: graphicx 1999/02/16 v1.0f Enhanced LaTeX Graphics (DPC,SPQR)

("C:\Program Files (x86)\MiKTeX 2.9\tex\latex\graphics\graphics.sty"
Package: graphics 2009/02/05 v1.0o Standard LaTeX Graphics (DPC,SPQR)

("C:\Program Files (x86)\MiKTeX 2.9\tex\latex\graphics\trig.sty"
Package: trig 1999/03/16 v1.09 sin cos tan (DPC)
)
("C:\Program Files (x86)\MiKTeX 2.9\tex\latex\00miktex\graphics.cfg"
File: graphics.cfg 2007/01/18 v1.5 graphics configuration of teTeX/TeXLive
)
Package graphics Info: Driver file: pdftex.def on input line 91.
)
\Gin@req@height=\dimen107
\Gin@req@width=\dimen108
)
(C:\Users\Adam\AppData\Roaming\MiKTeX\2.9\tex\latex\listings\lstlang1.sty
File: lstlang1.sty 2014/09/06 1.5e listings language file
)
(C:\Users\Adam\classes\ECE485\vhdl-project-2\report\document.aux)
LaTeX Font Info:    Checking defaults for OML/cmm/m/it on input line 43.
LaTeX Font Info:    ... okay on input line 43.
LaTeX Font Info:    Checking defaults for T1/cmr/m/n on input line 43.
LaTeX Font Info:    ... okay on input line 43.
LaTeX Font Info:    Checking defaults for OT1/cmr/m/n on input line 43.
LaTeX Font Info:    ... okay on input line 43.
LaTeX Font Info:    Checking defaults for OMS/cmsy/m/n on input line 43.
LaTeX Font Info:    ... okay on input line 43.
LaTeX Font Info:    Checking defaults for OMX/cmex/m/n on input line 43.
LaTeX Font Info:    ... okay on input line 43.
LaTeX Font Info:    Checking defaults for U/cmr/m/n on input line 43.
LaTeX Font Info:    ... okay on input line 43.
\c@lstlisting=\count97

(C:\Users\Adam\AppData\Roaming\MiKTeX\2.9\tex\context\base\supp-pdf.mkii
[Loading MPS to PDF converter (version 2006.09.02).]
\scratchcounter=\count98
\scratchdimen=\dimen109
\scratchbox=\box30
\nofMPsegments=\count99
\nofMParguments=\count100
\everyMPshowfont=\toks18
\MPscratchCnt=\count101
\MPscratchDim=\dimen110
\MPnumerator=\count102
\makeMPintoPDFobject=\count103
\everyMPtoPDFconversion=\toks19
)
LaTeX Font Info:    External font `cmex10' loaded for size
(Font)              <14.4> on input line 45.
LaTeX Font Info:    External font `cmex10' loaded for size
(Font)              <7> on input line 45.
LaTeX Font Info:    Try loading font information for OMS+cmr on input line 50.
 ("C:\Program Files (x86)\MiKTeX 2.9\tex\latex\base\omscmr.fd"
File: omscmr.fd 1999/05/25 v2.5h Standard LaTeX font definitions
)
LaTeX Font Info:    Font shape `OMS/cmr/m/n' in size <12> not available
(Font)              Font shape `OMS/cmsy/m/n' tried instead on input line 50.
 [1

{C:/Users/Adam/AppData/Local/MiKTeX/2.9/pdftex/config/pdftex.map}]
<high-level-overview.png, id=10, 485.56406pt x 261.97874pt>
File: high-level-overview.png Graphic file (type png)

<use high-level-overview.png>
Package pdftex.def Info: high-level-overview.png used on input line 65.
(pdftex.def)             Requested size: 272.99881pt x 147.29073pt.
 [2 <C:/Users/Adam/classes/ECE485/vhdl-project-2/report/high-level-overview.png
>]
LaTeX Font Info:    External font `cmex10' loaded for size
(Font)              <12> on input line 75.
LaTeX Font Info:    External font `cmex10' loaded for size
(Font)              <8> on input line 75.
LaTeX Font Info:    External font `cmex10' loaded for size
(Font)              <6> on input line 75.

<block-dia.jpg, id=17, 1211.52625pt x 681.54625pt>
File: block-dia.jpg Graphic file (type jpg)
 <use block-dia.jpg>
Package pdftex.def Info: block-dia.jpg used on input line 104.
(pdftex.def)             Requested size: 390.0pt x 219.3992pt.
 [3]
[4] (C:\Users\Adam\classes\ECE485\vhdl-project-2\alu.vhd [5 <C:/Users/Adam/clas
ses/ECE485/vhdl-project-2/report/block-dia.jpg>]
LaTeX Font Info:    Try loading font information for OML+cmr on input line 27.

("C:\Program Files (x86)\MiKTeX 2.9\tex\latex\base\omlcmr.fd"
File: omlcmr.fd 1999/05/25 v2.5h Standard LaTeX font definitions
)
LaTeX Font Info:    Font shape `OML/cmr/m/n' in size <10.95> not available
(Font)              Font shape `OML/cmm/m/it' tried instead on input line 27.
LaTeX Font Info:    External font `cmex10' loaded for size
(Font)              <10.95> on input line 38.

Overfull \hbox (12.96402pt too wide) in paragraph at lines 42--43
[][][][][][][][][][][][][][][][][][][][][][][][][][][][][][][][][][][][][][][][
][][][][][][][][][][][][][][][][][][][][][][][][][][][][] 
 []


Overfull \hbox (32.67422pt too wide) in paragraph at lines 43--44
[][][][][][][][][][][][][][][][][][][][][][][][][] 
 []


Overfull \hbox (12.96402pt too wide) in paragraph at lines 56--57
[][][][][][][][][][][][][][][][][][][][][][][][][][][][][][][][][][][][][][][][
][][][][][][][][][][][][][][][][][][][][][][][][][][][][] 
 []


Overfull \hbox (12.96402pt too wide) in paragraph at lines 57--58
[][][][][][][][][][][][][][][][][][][][][][][][][] 
 []

[6]) [7] <and.png, id=36, 381.67593pt x 166.37157pt>
File: and.png Graphic file (type png)
 <use and.png>
Package pdftex.def Info: and.png used on input line 124.
(pdftex.def)             Requested size: 390.0pt x 170.00644pt.
 [8 <C:/Users/Adam/classes/ECE485/vhdl-project-2/report/and.png>]
<not-a.png, id=42, 414.04688pt x 151.3153pt>
File: not-a.png Graphic file (type png)
 <use not-a.png>
Package pdftex.def Info: not-a.png used on input line 133.
(pdftex.def)             Requested size: 390.0pt x 142.53194pt.

<not-b.png, id=43, 390.70969pt x 155.07938pt>
File: not-b.png Graphic file (type png)
 <use not-b.png>
Package pdftex.def Info: not-b.png used on input line 141.
(pdftex.def)             Requested size: 390.0pt x 154.80447pt.

<addition.png, id=44, 408.02437pt x 156.585pt>
File: addition.png Graphic file (type png)
 <use addition.png>
Package pdftex.def Info: addition.png used on input line 150.
(pdftex.def)             Requested size: 390.0pt x 149.67477pt.
 [9 <C:/Users/Adam/classes/ECE485/vhdl-project-2/report/not-a.png> <C:/Users/Ad
am/classes/ECE485/vhdl-project-2/report/not-b.png>]
<addition-no-overflow.png, id=50, 400.49625pt x 160.34906pt>
File: addition-no-overflow.png Graphic file (type png)

<use addition-no-overflow.png>
Package pdftex.def Info: addition-no-overflow.png used on input line 159.
(pdftex.def)             Requested size: 390.0pt x 156.15497pt.

<less-than.png, id=51, 417.81094pt x 159.59625pt>
File: less-than.png Graphic file (type png)
 <use less-than.png>
Package pdftex.def Info: less-than.png used on input line 168.
(pdftex.def)             Requested size: 390.0pt x 148.98306pt.
 [10 <C:/Users/Adam/classes/ECE485/vhdl-project-2/report/addition.png> <C:/User
s/Adam/classes/ECE485/vhdl-project-2/report/addition-no-overflow.png>]
<subtract.png, id=57, 400.49625pt x 158.84344pt>
File: subtract.png Graphic file (type png)
 <use subtract.png>
Package pdftex.def Info: subtract.png used on input line 177.
(pdftex.def)             Requested size: 390.0pt x 154.68874pt.

<XOR.png, id=58, 408.77719pt x 161.85469pt>
File: XOR.png Graphic file (type png)
 <use XOR.png>
Package pdftex.def Info: XOR.png used on input line 186.
(pdftex.def)             Requested size: 390.0pt x 154.42789pt.
 [11 <C:/Users/Adam/classes/ECE485/vhdl-project-2/report/less-than.png> <C:/Use
rs/Adam/classes/ECE485/vhdl-project-2/report/subtract.png>]
<sll-a.png, id=64, 405.76593pt x 167.12437pt>
File: sll-a.png Graphic file (type png)
 <use sll-a.png>
Package pdftex.def Info: sll-a.png used on input line 194.
(pdftex.def)             Requested size: 390.0pt x 160.63646pt.

<sll-b.png, id=65, 390.70969pt x 164.11313pt>
File: sll-b.png Graphic file (type png)
 <use sll-b.png>
Package pdftex.def Info: sll-b.png used on input line 203.
(pdftex.def)             Requested size: 390.0pt x 163.82222pt.
 [12 <C:/Users/Adam/classes/ECE485/vhdl-project-2/report/XOR.png> <C:/Users/Ada
m/classes/ECE485/vhdl-project-2/report/sll-a.png>] <sra-a.png, id=71, 412.54124
pt x 170.88844pt>
File: sra-a.png Graphic file (type png)

<use sra-a.png>
Package pdftex.def Info: sra-a.png used on input line 211.
(pdftex.def)             Requested size: 390.0pt x 161.553pt.
 <sra-b.png, id=72, 411.78844pt x 161.10187pt>
File: sra-b.png Graphic file (type png)
 <use sra-b.png>
Package pdftex.def Info: sra-b.png used on input line 221.
(pdftex.def)             Requested size: 390.0pt x 152.57884pt.

[13 <C:/Users/Adam/classes/ECE485/vhdl-project-2/report/sll-b.png> <C:/Users/Ad
am/classes/ECE485/vhdl-project-2/report/sra-a.png>] [14 <C:/Users/Adam/classes/
ECE485/vhdl-project-2/report/sra-b.png>]
(C:\Users\Adam\classes\ECE485\vhdl-project-2\report\document.aux) ) 
Here is how much of TeX's memory you used:
 2722 strings out of 493921
 38319 string characters out of 3144880
 146175 words of memory out of 3000000
 6008 multiletter control sequences out of 15000+200000
 9586 words of font info for 34 fonts, out of 3000000 for 9000
 841 hyphenation exceptions out of 8191
 32i,11n,36p,2971b,1557s stack positions out of 5000i,500n,10000p,200000b,50000s
<C:/Program 
Files (x86)/MiKTeX 2.9/fonts/type1/public/amsfonts/cm/cmbx12.pfb><C:/Program Fi
les (x86)/MiKTeX 2.9/fonts/type1/public/amsfonts/cm/cmmi10.pfb><C:/Program File
s (x86)/MiKTeX 2.9/fonts/type1/public/amsfonts/cm/cmmi12.pfb><C:/Program Files 
(x86)/MiKTeX 2.9/fonts/type1/public/amsfonts/cm/cmr10.pfb><C:/Program Files (x8
6)/MiKTeX 2.9/fonts/type1/public/amsfonts/cm/cmr12.pfb><C:/Program Files (x86)/
MiKTeX 2.9/fonts/type1/public/amsfonts/cm/cmr17.pfb><C:/Program Files (x86)/MiK
TeX 2.9/fonts/type1/public/amsfonts/cm/cmr8.pfb><C:/Program Files (x86)/MiKTeX 
2.9/fonts/type1/public/amsfonts/cm/cmsy10.pfb><C:/Program Files (x86)/MiKTeX 2.
9/fonts/type1/public/amsfonts/cm/cmtt12.pfb>
Output written on document.pdf (14 pages, 362610 bytes).
PDF statistics:
 112 PDF objects out of 1000 (max. 8388607)
 0 named destinations out of 1000 (max. 500000)
 71 words of extra memory for PDF output out of 10000 (max. 10000000)

