This is pdfTeX, Version 3.1415926-2.5-1.40.14 (MiKTeX 2.9) (preloaded format=pdflatex 2015.4.2)  11 NOV 2015 03:13
entering extended mode
**report.tex
(C:\Users\Adam\classes\ECE429\labs\lab8\report.tex
LaTeX2e <2011/06/27>
Babel <v3.8m> and hyphenation patterns for english, afrikaans, ancientgreek, ar
abic, armenian, assamese, basque, bengali, bokmal, bulgarian, catalan, coptic, 
croatian, czech, danish, dutch, esperanto, estonian, farsi, finnish, french, ga
lician, german, german-x-2013-05-26, greek, gujarati, hindi, hungarian, iceland
ic, indonesian, interlingua, irish, italian, kannada, kurmanji, latin, latvian,
 lithuanian, malayalam, marathi, mongolian, mongolianlmc, monogreek, ngerman, n
german-x-2013-05-26, nynorsk, oriya, panjabi, pinyin, polish, portuguese, roman
ian, russian, sanskrit, serbian, slovak, slovenian, spanish, swedish, swissgerm
an, tamil, telugu, turkish, turkmen, ukenglish, ukrainian, uppersorbian, usengl
ishmax, welsh, loaded.
("C:\Program Files (x86)\MiKTeX 2.9\tex\latex\base\article.cls"
Document Class: article 2007/10/19 v1.4h Standard LaTeX document class
("C:\Program Files (x86)\MiKTeX 2.9\tex\latex\base\size12.clo"
File: size12.clo 2007/10/19 v1.4h Standard LaTeX file (size option)
)
\c@part=\count79
\c@section=\count80
\c@subsection=\count81
\c@subsubsection=\count82
\c@paragraph=\count83
\c@subparagraph=\count84
\c@figure=\count85
\c@table=\count86
\abovecaptionskip=\skip41
\belowcaptionskip=\skip42
\bibindent=\dimen102
)
("C:\Program Files (x86)\MiKTeX 2.9\tex\latex\geometry\geometry.sty"
Package: geometry 2010/09/12 v5.6 Page Geometry

("C:\Program Files (x86)\MiKTeX 2.9\tex\latex\graphics\keyval.sty"
Package: keyval 1999/03/16 v1.13 key=value parser (DPC)
\KV@toks@=\toks14
)
("C:\Program Files (x86)\MiKTeX 2.9\tex\generic\oberdiek\ifpdf.sty"
Package: ifpdf 2011/01/30 v2.3 Provides the ifpdf switch (HO)
Package ifpdf Info: pdfTeX in PDF mode is detected.
)
("C:\Program Files (x86)\MiKTeX 2.9\tex\generic\oberdiek\ifvtex.sty"
Package: ifvtex 2010/03/01 v1.5 Detect VTeX and its facilities (HO)
Package ifvtex Info: VTeX not detected.
)
("C:\Program Files (x86)\MiKTeX 2.9\tex\generic\ifxetex\ifxetex.sty"
Package: ifxetex 2010/09/12 v0.6 Provides ifxetex conditional
)
\Gm@cnth=\count87
\Gm@cntv=\count88
\c@Gm@tempcnt=\count89
\Gm@bindingoffset=\dimen103
\Gm@wd@mp=\dimen104
\Gm@odd@mp=\dimen105
\Gm@even@mp=\dimen106
\Gm@layoutwidth=\dimen107
\Gm@layoutheight=\dimen108
\Gm@layouthoffset=\dimen109
\Gm@layoutvoffset=\dimen110
\Gm@dimlist=\toks15

("C:\Program Files (x86)\MiKTeX 2.9\tex\latex\geometry\geometry.cfg"))
("C:\Program Files (x86)\MiKTeX 2.9\tex\latex\graphics\graphicx.sty"
Package: graphicx 1999/02/16 v1.0f Enhanced LaTeX Graphics (DPC,SPQR)

("C:\Program Files (x86)\MiKTeX 2.9\tex\latex\graphics\graphics.sty"
Package: graphics 2009/02/05 v1.0o Standard LaTeX Graphics (DPC,SPQR)

("C:\Program Files (x86)\MiKTeX 2.9\tex\latex\graphics\trig.sty"
Package: trig 1999/03/16 v1.09 sin cos tan (DPC)
)
("C:\Program Files (x86)\MiKTeX 2.9\tex\latex\00miktex\graphics.cfg"
File: graphics.cfg 2007/01/18 v1.5 graphics configuration of teTeX/TeXLive
)
Package graphics Info: Driver file: pdftex.def on input line 91.

("C:\Program Files (x86)\MiKTeX 2.9\tex\latex\pdftex-def\pdftex.def"
File: pdftex.def 2011/05/27 v0.06d Graphics/color for pdfTeX

("C:\Program Files (x86)\MiKTeX 2.9\tex\generic\oberdiek\infwarerr.sty"
Package: infwarerr 2010/04/08 v1.3 Providing info/warning/error messages (HO)
)
("C:\Program Files (x86)\MiKTeX 2.9\tex\generic\oberdiek\ltxcmds.sty"
Package: ltxcmds 2011/11/09 v1.22 LaTeX kernel commands for general use (HO)
)
\Gread@gobject=\count90
))
\Gin@req@height=\dimen111
\Gin@req@width=\dimen112
)
("C:\Program Files (x86)\MiKTeX 2.9\tex\latex\float\float.sty"
Package: float 2001/11/08 v1.3d Float enhancements (AL)
\c@float@type=\count91
\float@exts=\toks16
\float@box=\box26
\@float@everytoks=\toks17
\@floatcapt=\box27
)
(C:\Users\Adam\AppData\Roaming\MiKTeX\2.9\tex\latex\url\url.sty
\Urlmuskip=\muskip10
Package: url 2013/09/16  ver 3.4  Verb mode for urls, etc.
)
(C:\Users\Adam\AppData\Roaming\MiKTeX\2.9\tex\latex\listings\listings.sty
\lst@mode=\count92
\lst@gtempboxa=\box28
\lst@token=\toks18
\lst@length=\count93
\lst@currlwidth=\dimen113
\lst@column=\count94
\lst@pos=\count95
\lst@lostspace=\dimen114
\lst@width=\dimen115
\lst@newlines=\count96
\lst@lineno=\count97
\lst@maxwidth=\dimen116

(C:\Users\Adam\AppData\Roaming\MiKTeX\2.9\tex\latex\listings\lstmisc.sty
File: lstmisc.sty 2014/09/06 1.5e (Carsten Heinz)
\c@lstnumber=\count98
\lst@skipnumbers=\count99
\lst@framebox=\box29
)
(C:\Users\Adam\AppData\Roaming\MiKTeX\2.9\tex\latex\listings\listings.cfg
File: listings.cfg 2014/09/06 1.5e listings configuration
))
Package: listings 2014/09/06 1.5e (Carsten Heinz)

("C:\Program Files (x86)\MiKTeX 2.9\tex\latex\graphics\color.sty"
Package: color 2005/11/14 v1.0j Standard LaTeX Color (DPC)

("C:\Program Files (x86)\MiKTeX 2.9\tex\latex\00miktex\color.cfg"
File: color.cfg 2007/01/18 v1.5 color configuration of teTeX/TeXLive
)
Package color Info: Driver file: pdftex.def on input line 130.
)
(C:\Users\Adam\AppData\Roaming\MiKTeX\2.9\tex\latex\listings\lstlang1.sty
File: lstlang1.sty 2014/09/06 1.5e listings language file
)
(C:\Users\Adam\AppData\Roaming\MiKTeX\2.9\tex\latex\listings\lstmisc.sty
File: lstmisc.sty 2014/09/06 1.5e (Carsten Heinz)
)
(C:\Users\Adam\classes\ECE429\labs\lab8\report.aux)
LaTeX Font Info:    Checking defaults for OML/cmm/m/it on input line 40.
LaTeX Font Info:    ... okay on input line 40.
LaTeX Font Info:    Checking defaults for T1/cmr/m/n on input line 40.
LaTeX Font Info:    ... okay on input line 40.
LaTeX Font Info:    Checking defaults for OT1/cmr/m/n on input line 40.
LaTeX Font Info:    ... okay on input line 40.
LaTeX Font Info:    Checking defaults for OMS/cmsy/m/n on input line 40.
LaTeX Font Info:    ... okay on input line 40.
LaTeX Font Info:    Checking defaults for OMX/cmex/m/n on input line 40.
LaTeX Font Info:    ... okay on input line 40.
LaTeX Font Info:    Checking defaults for U/cmr/m/n on input line 40.
LaTeX Font Info:    ... okay on input line 40.

*geometry* driver: auto-detecting
*geometry* detected driver: pdftex
*geometry* verbose mode - [ preamble ] result:
* driver: pdftex
* paper: <default>
* layout: <same size as paper>
* layoutoffset:(h,v)=(0.0pt,0.0pt)
* modes: 
* h-part:(L,W,R)=(85.35826pt, 443.57848pt, 85.35826pt)
* v-part:(T,H,B)=(85.35826pt, 624.25346pt, 85.35826pt)
* \paperwidth=614.295pt
* \paperheight=794.96999pt
* \textwidth=443.57848pt
* \textheight=624.25346pt
* \oddsidemargin=13.08827pt
* \evensidemargin=13.08827pt
* \topmargin=-23.91173pt
* \headheight=12.0pt
* \headsep=25.0pt
* \topskip=12.0pt
* \footskip=30.0pt
* \marginparwidth=44.0pt
* \marginparsep=10.0pt
* \columnsep=10.0pt
* \skip\footins=10.8pt plus 4.0pt minus 2.0pt
* \hoffset=0.0pt
* \voffset=0.0pt
* \mag=1000
* \@twocolumnfalse
* \@twosidefalse
* \@mparswitchfalse
* \@reversemarginfalse
* (1in=72.27pt=25.4mm, 1cm=28.453pt)

(C:\Users\Adam\AppData\Roaming\MiKTeX\2.9\tex\context\base\supp-pdf.mkii
[Loading MPS to PDF converter (version 2006.09.02).]
\scratchcounter=\count100
\scratchdimen=\dimen117
\scratchbox=\box30
\nofMPsegments=\count101
\nofMParguments=\count102
\everyMPshowfont=\toks19
\MPscratchCnt=\count103
\MPscratchDim=\dimen118
\MPnumerator=\count104
\makeMPintoPDFobject=\count105
\everyMPtoPDFconversion=\toks20
)
\c@lstlisting=\count106
LaTeX Font Info:    External font `cmex10' loaded for size
(Font)              <14.4> on input line 60.
LaTeX Font Info:    External font `cmex10' loaded for size
(Font)              <7> on input line 60.
 [1

{C:/Users/Adam/AppData/Local/MiKTeX/2.9/pdftex/config/pdftex.map}]
<diagram.jpg, id=10, 562.1pt x 226.8475pt>
File: diagram.jpg Graphic file (type jpg)
 <use diagram.jpg>
Package pdftex.def Info: diagram.jpg used on input line 76.
(pdftex.def)             Requested size: 310.50357pt x 125.30994pt.
LaTeX Font Info:    Try loading font information for OMS+cmr on input line 84.

("C:\Program Files (x86)\MiKTeX 2.9\tex\latex\base\omscmr.fd"
File: omscmr.fd 1999/05/25 v2.5h Standard LaTeX font definitions
)
LaTeX Font Info:    Font shape `OMS/cmr/m/n' in size <12> not available
(Font)              Font shape `OMS/cmsy/m/n' tried instead on input line 84.

<prelab.jpg, id=11, 541.27219pt x 304.13625pt>
File: prelab.jpg Graphic file (type jpg)
 <use prelab.jpg>
Package pdftex.def Info: prelab.jpg used on input line 92.
(pdftex.def)             Requested size: 310.50357pt x 174.47324pt.
 [1 <C:/Users/Adam/classes/ECE429/labs/lab8/diagram.jpg>]
<schematic.png, id=16, 627.09282pt x 157.33781pt>
File: schematic.png Graphic file (type png)
 <use schematic.png>
Package pdftex.def Info: schematic.png used on input line 102.
(pdftex.def)             Requested size: 443.57848pt x 111.29768pt.

<layout.png, id=18, 496.85625pt x 69.25874pt>
File: layout.png Graphic file (type png)
 <use layout.png>
Package pdftex.def Info: layout.png used on input line 109.
(pdftex.def)             Requested size: 443.57848pt x 61.83347pt.

<test_circuit.png, id=19, 442.65375pt x 274.02374pt>
File: test_circuit.png Graphic file (type png)
 <use test_circuit.png>
Package pdftex.def Info: test_circuit.png used on input line 116.
(pdftex.def)             Requested size: 443.57848pt x 274.61263pt.
LaTeX Font Info:    External font `cmex10' loaded for size
(Font)              <12> on input line 117.
LaTeX Font Info:    External font `cmex10' loaded for size
(Font)              <8> on input line 117.
LaTeX Font Info:    External font `cmex10' loaded for size
(Font)              <6> on input line 117.

[2 <C:/Users/Adam/classes/ECE429/labs/lab8/prelab.jpg> <C:/Users/Adam/classes/E
CE429/labs/lab8/schematic.png> <C:/Users/Adam/classes/ECE429/labs/lab8/layout.p
ng>]
LaTeX Font Info:    Font shape `OMS/cmr/m/n' in size <10.95> not available
(Font)              Font shape `OMS/cmsy/m/n' tried instead on input line 127.
 [3 <C:/Users/Adam/classes/ECE429/labs/lab8/test_circuit.png>]
LaTeX Font Info:    Try loading font information for OMS+cmtt on input line 171
.
LaTeX Font Info:    No file OMScmtt.fd. on input line 171.


LaTeX Font Warning: Font shape `OMS/cmtt/m/n' undefined
(Font)              using `OMS/cmsy/m/n' instead
(Font)              for symbol `textbackslash' on input line 171.


Underfull \hbox (badness 10000) in paragraph at lines 171--173

 []


Underfull \hbox (badness 10000) in paragraph at lines 171--173

 []

[4] <verilog_verification.png, id=33, 350.81062pt x 131.74219pt>
File: verilog_verification.png Graphic file (type png)

<use verilog_verification.png>
Package pdftex.def Info: verilog_verification.png used on input line 176.
(pdftex.def)             Requested size: 310.50357pt x 116.61292pt.
 <LVS.png, id=34, 688.82344pt x 468.24937pt>
File: LVS.png Graphic file (type png)

<use LVS.png>
Package pdftex.def Info: LVS.png used on input line 183.
(pdftex.def)             Requested size: 310.50357pt x 211.07465pt.
 <esp.png, id=35, 645.16031pt x 451.6875pt>
File: esp.png Graphic file (type png)
 <use esp.png>
Package pdftex.def Info: esp.png used on input line 190.
(pdftex.def)             Requested size: 310.50357pt x 217.38647pt.
 [5 <C:/Users/Adam/classes/ECE429/labs/lab8/verilog_verification.png> <C:/Users
/Adam/classes/ECE429/labs/lab8/LVS.png>] <a0.png, id=41, 765.6103pt x 422.32782
pt>
File: a0.png Graphic file (type png)

<use a0.png>
Package pdftex.def Info: a0.png used on input line 197.
(pdftex.def)             Requested size: 443.57848pt x 244.68608pt.
 <a1.png, id=42, 673.01437pt x 390.70969pt>
File: a1.png Graphic file (type png)
 <use a1.png>
Package pdftex.def Info: a1.png used on input line 204.
(pdftex.def)             Requested size: 443.57848pt x 257.51744pt.
 [6 <C:/Users/Adam/classes/ECE429/labs/lab8/esp.png> <C:/Users/Adam/classes/ECE
429/labs/lab8/a0.png>] <a2.png, id=49, 761.84625pt x 425.33907pt>
File: a2.png Graphic file (type png)
 <use a2.png>
Package pdftex.def Info: a2.png used on input line 211.
(pdftex.def)             Requested size: 443.57848pt x 247.64438pt.

<a3.png, id=50, 755.82375pt x 422.32782pt>
File: a3.png Graphic file (type png)
 <use a3.png>
Package pdftex.def Info: a3.png used on input line 219.
(pdftex.def)             Requested size: 443.57848pt x 247.85663pt.
 [7 <C:/Users/Adam/classes/ECE429/labs/lab8/a1.png> <C:/Users/Adam/classes/ECE4
29/labs/lab8/a2.png>]
<a1-co.png, id=56, 758.08218pt x 419.31656pt>
File: a1-co.png Graphic file (type png)
 <use a1-co.png>
Package pdftex.def Info: a1-co.png used on input line 227.
(pdftex.def)             Requested size: 443.57848pt x 245.35997pt.

<a2-co.png, id=57, 761.09344pt x 426.09187pt>
File: a2-co.png Graphic file (type png)
 <use a2-co.png>
Package pdftex.def Info: a2-co.png used on input line 234.
(pdftex.def)             Requested size: 443.57848pt x 248.34276pt.
 [8 <C:/Users/Adam/classes/ECE429/labs/lab8/a3.png> <C:/Users/Adam/classes/ECE4
29/labs/lab8/a1-co.png>]
Underfull \hbox (badness 10000) in paragraph at lines 241--242

 []

[9 <C:/Users/Adam/classes/ECE429/labs/lab8/a2-co.png>] [10]
(C:\Users\Adam\classes\ECE429\labs\lab8\report.aux)

LaTeX Font Warning: Some font shapes were not available, defaults substituted.

 ) 
Here is how much of TeX's memory you used:
 3280 strings out of 493921
 46339 string characters out of 3144880
 154772 words of memory out of 3000000
 6548 multiletter control sequences out of 15000+200000
 9837 words of font info for 35 fonts, out of 3000000 for 9000
 841 hyphenation exceptions out of 8191
 27i,6n,49p,746b,1109s stack positions out of 5000i,500n,10000p,200000b,50000s
<C:/Program Files (x86)/MiKTeX 2.9/fonts/type1/public/amsfonts/cm/cmbx12.pfb>
<C:/Program Files (x86)/MiKTeX 2.9/fonts/type1/public/amsfonts/cm/cmcsc10.pfb><
C:/Program Files (x86)/MiKTeX 2.9/fonts/type1/public/amsfonts/cm/cmr10.pfb><C:/
Program Files (x86)/MiKTeX 2.9/fonts/type1/public/amsfonts/cm/cmr12.pfb><C:/Pro
gram Files (x86)/MiKTeX 2.9/fonts/type1/public/amsfonts/cm/cmr17.pfb><C:/Progra
m Files (x86)/MiKTeX 2.9/fonts/type1/public/amsfonts/cm/cmsy10.pfb><C:/Program 
Files (x86)/MiKTeX 2.9/fonts/type1/public/amsfonts/cm/cmtt12.pfb>
Output written on report.pdf (11 pages, 285760 bytes).
PDF statistics:
 93 PDF objects out of 1000 (max. 8388607)
 0 named destinations out of 1000 (max. 500000)
 71 words of extra memory for PDF output out of 10000 (max. 10000000)

