                   1clk=1, addressA= x, addressB= x, dataIn=         x, opsel=x, outsel=x, asel=x, bsel=x, oen=x, OUT=         x
                   2clk=1, addressA= x, addressB= x, dataIn=         x, opsel=x, outsel=x, asel=x, bsel=x, oen=x, OUT=         x
                   3clk=1, addressA= x, addressB= x, dataIn=         x, opsel=x, outsel=x, asel=x, bsel=x, oen=x, OUT=         x
                   4clk=1, addressA= x, addressB= x, dataIn=         x, opsel=x, outsel=x, asel=x, bsel=x, oen=x, OUT=         x
                   5clk=1, addressA= x, addressB= x, dataIn=         x, opsel=x, outsel=x, asel=x, bsel=x, oen=x, OUT=         x
                   6clk=1, addressA= x, addressB= x, dataIn=         x, opsel=x, outsel=x, asel=x, bsel=x, oen=x, OUT=         x
                   7clk=1, addressA= x, addressB= x, dataIn=         x, opsel=x, outsel=x, asel=x, bsel=x, oen=x, OUT=         x
                   8clk=1, addressA= x, addressB= x, dataIn=         x, opsel=x, outsel=x, asel=x, bsel=x, oen=x, OUT=         x
                   9clk=1, addressA= x, addressB= x, dataIn=         x, opsel=x, outsel=x, asel=x, bsel=x, oen=x, OUT=         x
                  10clk=1, addressA= x, addressB= x, dataIn=         x, opsel=x, outsel=x, asel=x, bsel=x, oen=x, OUT=         x
                  11clk=1, addressA= x, addressB= x, dataIn=         x, opsel=x, outsel=x, asel=x, bsel=x, oen=x, OUT=         x
                  12clk=1, addressA= x, addressB= x, dataIn=         x, opsel=x, outsel=x, asel=x, bsel=x, oen=x, OUT=         x
                  13clk=1, addressA= x, addressB= x, dataIn=         x, opsel=x, outsel=x, asel=x, bsel=x, oen=x, OUT=         x
                  14clk=1, addressA= x, addressB= x, dataIn=         x, opsel=x, outsel=x, asel=x, bsel=x, oen=x, OUT=         x
                  15clk=1, addressA= x, addressB= x, dataIn=         x, opsel=x, outsel=x, asel=x, bsel=x, oen=x, OUT=         x
                  16clk=1, addressA= x, addressB= x, dataIn=         x, opsel=x, outsel=x, asel=x, bsel=x, oen=x, OUT=         x
                  17clk=1, addressA= x, addressB= x, dataIn=         x, opsel=x, outsel=x, asel=x, bsel=x, oen=x, OUT=         x
                  18clk=1, addressA= x, addressB= x, dataIn=         x, opsel=x, outsel=x, asel=x, bsel=x, oen=x, OUT=         x
                  19clk=1, addressA= x, addressB= x, dataIn=         x, opsel=x, outsel=x, asel=x, bsel=x, oen=x, OUT=         x
                  20clk=0, addressA= 0, addressB= 0, dataIn=4294967286, opsel=1, outsel=0, asel=0, bsel=0, oen=1, OUT=         x
                  21clk=0, addressA= 0, addressB= 0, dataIn=4294967286, opsel=1, outsel=0, asel=0, bsel=0, oen=1, OUT=         x
                  22clk=0, addressA= 0, addressB= 0, dataIn=4294967286, opsel=1, outsel=0, asel=0, bsel=0, oen=1, OUT=         x
                  23clk=0, addressA= 0, addressB= 0, dataIn=4294967286, opsel=1, outsel=0, asel=0, bsel=0, oen=1, OUT=         x
                  24clk=0, addressA= 0, addressB= 0, dataIn=4294967286, opsel=1, outsel=0, asel=0, bsel=0, oen=1, OUT=         x
                  25clk=0, addressA= 0, addressB= 0, dataIn=4294967286, opsel=1, outsel=0, asel=0, bsel=0, oen=1, OUT=         x
                  26clk=0, addressA= 0, addressB= 0, dataIn=4294967286, opsel=1, outsel=0, asel=0, bsel=0, oen=1, OUT=         x
                  27clk=0, addressA= 0, addressB= 0, dataIn=4294967286, opsel=1, outsel=0, asel=0, bsel=0, oen=1, OUT=         x
                  28clk=0, addressA= 0, addressB= 0, dataIn=4294967286, opsel=1, outsel=0, asel=0, bsel=0, oen=1, OUT=         x
                  29clk=0, addressA= 0, addressB= 0, dataIn=4294967286, opsel=1, outsel=0, asel=0, bsel=0, oen=1, OUT=         x
                  30clk=0, addressA= 0, addressB= 0, dataIn=4294967286, opsel=1, outsel=0, asel=0, bsel=0, oen=1, OUT=         x
                  31clk=0, addressA= 0, addressB= 0, dataIn=4294967286, opsel=1, outsel=0, asel=0, bsel=0, oen=1, OUT=         x
                  32clk=0, addressA= 0, addressB= 0, dataIn=4294967286, opsel=1, outsel=0, asel=0, bsel=0, oen=1, OUT=         x
                  33clk=0, addressA= 0, addressB= 0, dataIn=4294967286, opsel=1, outsel=0, asel=0, bsel=0, oen=1, OUT=         x
                  34clk=0, addressA= 0, addressB= 0, dataIn=4294967286, opsel=1, outsel=0, asel=0, bsel=0, oen=1, OUT=         x
                  35clk=0, addressA= 0, addressB= 0, dataIn=4294967286, opsel=1, outsel=0, asel=0, bsel=0, oen=1, OUT=         x
                  36clk=0, addressA= 0, addressB= 0, dataIn=4294967286, opsel=1, outsel=0, asel=0, bsel=0, oen=1, OUT=         x
                  37clk=0, addressA= 0, addressB= 0, dataIn=4294967286, opsel=1, outsel=0, asel=0, bsel=0, oen=1, OUT=         x
                  38clk=0, addressA= 0, addressB= 0, dataIn=4294967286, opsel=1, outsel=0, asel=0, bsel=0, oen=1, OUT=         x
                  39clk=0, addressA= 0, addressB= 0, dataIn=4294967286, opsel=1, outsel=0, asel=0, bsel=0, oen=1, OUT=         x
                  40clk=1, addressA= 0, addressB= 0, dataIn=4294967286, opsel=1, outsel=0, asel=0, bsel=0, oen=1, OUT=         x
                  41clk=1, addressA= 0, addressB= 0, dataIn=4294967286, opsel=1, outsel=0, asel=0, bsel=0, oen=1, OUT=4294967286
                  42clk=1, addressA= 0, addressB= 0, dataIn=4294967286, opsel=1, outsel=0, asel=0, bsel=0, oen=1, OUT=4294967286
                  43clk=1, addressA= 0, addressB= 0, dataIn=4294967286, opsel=1, outsel=0, asel=0, bsel=0, oen=1, OUT=4294967286
                  44clk=1, addressA= 0, addressB= 0, dataIn=4294967286, opsel=1, outsel=0, asel=0, bsel=0, oen=1, OUT=4294967286
                  45clk=1, addressA= 0, addressB= 0, dataIn=4294967286, opsel=1, outsel=0, asel=0, bsel=0, oen=1, OUT=4294967286
                  46clk=1, addressA= 0, addressB= 0, dataIn=4294967286, opsel=1, outsel=0, asel=0, bsel=0, oen=1, OUT=4294967286
                  47clk=1, addressA= 0, addressB= 0, dataIn=4294967286, opsel=1, outsel=0, asel=0, bsel=0, oen=1, OUT=4294967286
                  48clk=1, addressA= 0, addressB= 0, dataIn=4294967286, opsel=1, outsel=0, asel=0, bsel=0, oen=1, OUT=4294967286
                  49clk=1, addressA= 0, addressB= 0, dataIn=4294967286, opsel=1, outsel=0, asel=0, bsel=0, oen=1, OUT=4294967286
                  50clk=1, addressA= 0, addressB= 0, dataIn=4294967286, opsel=1, outsel=0, asel=0, bsel=0, oen=1, OUT=4294967286
                  51clk=1, addressA= 0, addressB= 0, dataIn=4294967286, opsel=1, outsel=0, asel=0, bsel=0, oen=1, OUT=4294967286
                  52clk=1, addressA= 0, addressB= 0, dataIn=4294967286, opsel=1, outsel=0, asel=0, bsel=0, oen=1, OUT=4294967286
                  53clk=1, addressA= 0, addressB= 0, dataIn=4294967286, opsel=1, outsel=0, asel=0, bsel=0, oen=1, OUT=4294967286
                  54clk=1, addressA= 0, addressB= 0, dataIn=4294967286, opsel=1, outsel=0, asel=0, bsel=0, oen=1, OUT=4294967286
                  55clk=1, addressA= 0, addressB= 0, dataIn=4294967286, opsel=1, outsel=0, asel=0, bsel=0, oen=1, OUT=4294967286
                  56clk=1, addressA= 0, addressB= 0, dataIn=4294967286, opsel=1, outsel=0, asel=0, bsel=0, oen=1, OUT=4294967286
                  57clk=1, addressA= 0, addressB= 0, dataIn=4294967286, opsel=1, outsel=0, asel=0, bsel=0, oen=1, OUT=4294967286
                  58clk=1, addressA= 0, addressB= 0, dataIn=4294967286, opsel=1, outsel=0, asel=0, bsel=0, oen=1, OUT=4294967286
                  59clk=1, addressA= 0, addressB= 0, dataIn=4294967286, opsel=1, outsel=0, asel=0, bsel=0, oen=1, OUT=4294967286
                  60clk=0, addressA= 0, addressB= 1, dataIn=        10, opsel=1, outsel=0, asel=0, bsel=0, oen=1, OUT=4294967286
                  61clk=0, addressA= 0, addressB= 1, dataIn=        10, opsel=1, outsel=0, asel=0, bsel=0, oen=1, OUT=4294967286
                  62clk=0, addressA= 0, addressB= 1, dataIn=        10, opsel=1, outsel=0, asel=0, bsel=0, oen=1, OUT=4294967286
                  63clk=0, addressA= 0, addressB= 1, dataIn=        10, opsel=1, outsel=0, asel=0, bsel=0, oen=1, OUT=4294967286
                  64clk=0, addressA= 0, addressB= 1, dataIn=        10, opsel=1, outsel=0, asel=0, bsel=0, oen=1, OUT=4294967286
                  65clk=0, addressA= 0, addressB= 1, dataIn=        10, opsel=1, outsel=0, asel=0, bsel=0, oen=1, OUT=4294967286
                  66clk=0, addressA= 0, addressB= 1, dataIn=        10, opsel=1, outsel=0, asel=0, bsel=0, oen=1, OUT=4294967286
                  67clk=0, addressA= 0, addressB= 1, dataIn=        10, opsel=1, outsel=0, asel=0, bsel=0, oen=1, OUT=4294967286
                  68clk=0, addressA= 0, addressB= 1, dataIn=        10, opsel=1, outsel=0, asel=0, bsel=0, oen=1, OUT=4294967286
                  69clk=0, addressA= 0, addressB= 1, dataIn=        10, opsel=1, outsel=0, asel=0, bsel=0, oen=1, OUT=4294967286
                  70clk=0, addressA= 0, addressB= 1, dataIn=        10, opsel=1, outsel=0, asel=0, bsel=0, oen=1, OUT=4294967286
                  71clk=0, addressA= 0, addressB= 1, dataIn=        10, opsel=1, outsel=0, asel=0, bsel=0, oen=1, OUT=4294967286
                  72clk=0, addressA= 0, addressB= 1, dataIn=        10, opsel=1, outsel=0, asel=0, bsel=0, oen=1, OUT=4294967286
                  73clk=0, addressA= 0, addressB= 1, dataIn=        10, opsel=1, outsel=0, asel=0, bsel=0, oen=1, OUT=4294967286
                  74clk=0, addressA= 0, addressB= 1, dataIn=        10, opsel=1, outsel=0, asel=0, bsel=0, oen=1, OUT=4294967286
                  75clk=0, addressA= 0, addressB= 1, dataIn=        10, opsel=1, outsel=0, asel=0, bsel=0, oen=1, OUT=4294967286
                  76clk=0, addressA= 0, addressB= 1, dataIn=        10, opsel=1, outsel=0, asel=0, bsel=0, oen=1, OUT=4294967286
                  77clk=0, addressA= 0, addressB= 1, dataIn=        10, opsel=1, outsel=0, asel=0, bsel=0, oen=1, OUT=4294967286
                  78clk=0, addressA= 0, addressB= 1, dataIn=        10, opsel=1, outsel=0, asel=0, bsel=0, oen=1, OUT=4294967286
                  79clk=0, addressA= 0, addressB= 1, dataIn=        10, opsel=1, outsel=0, asel=0, bsel=0, oen=1, OUT=4294967286
                  80clk=1, addressA= 0, addressB= 1, dataIn=        10, opsel=1, outsel=0, asel=0, bsel=0, oen=1, OUT=4294967286
                  81clk=1, addressA= 0, addressB= 1, dataIn=        10, opsel=1, outsel=0, asel=0, bsel=0, oen=1, OUT=        10
                  82clk=1, addressA= 0, addressB= 1, dataIn=        10, opsel=1, outsel=0, asel=0, bsel=0, oen=1, OUT=        10
                  83clk=1, addressA= 0, addressB= 1, dataIn=        10, opsel=1, outsel=0, asel=0, bsel=0, oen=1, OUT=        10
                  84clk=1, addressA= 0, addressB= 1, dataIn=        10, opsel=1, outsel=0, asel=0, bsel=0, oen=1, OUT=        10
                  85clk=1, addressA= 0, addressB= 1, dataIn=        10, opsel=1, outsel=0, asel=0, bsel=0, oen=1, OUT=        10
                  86clk=1, addressA= 0, addressB= 1, dataIn=        10, opsel=1, outsel=0, asel=0, bsel=0, oen=1, OUT=        10
                  87clk=1, addressA= 0, addressB= 1, dataIn=        10, opsel=1, outsel=0, asel=0, bsel=0, oen=1, OUT=        10
                  88clk=1, addressA= 0, addressB= 1, dataIn=        10, opsel=1, outsel=0, asel=0, bsel=0, oen=1, OUT=        10
                  89clk=1, addressA= 0, addressB= 1, dataIn=        10, opsel=1, outsel=0, asel=0, bsel=0, oen=1, OUT=        10
                  90clk=1, addressA= 0, addressB= 1, dataIn=        10, opsel=1, outsel=0, asel=0, bsel=0, oen=1, OUT=        10
                  91clk=1, addressA= 0, addressB= 1, dataIn=        10, opsel=1, outsel=0, asel=0, bsel=0, oen=1, OUT=        10
                  92clk=1, addressA= 0, addressB= 1, dataIn=        10, opsel=1, outsel=0, asel=0, bsel=0, oen=1, OUT=        10
                  93clk=1, addressA= 0, addressB= 1, dataIn=        10, opsel=1, outsel=0, asel=0, bsel=0, oen=1, OUT=        10
                  94clk=1, addressA= 0, addressB= 1, dataIn=        10, opsel=1, outsel=0, asel=0, bsel=0, oen=1, OUT=        10
                  95clk=1, addressA= 0, addressB= 1, dataIn=        10, opsel=1, outsel=0, asel=0, bsel=0, oen=1, OUT=        10
                  96clk=1, addressA= 0, addressB= 1, dataIn=        10, opsel=1, outsel=0, asel=0, bsel=0, oen=1, OUT=        10
                  97clk=1, addressA= 0, addressB= 1, dataIn=        10, opsel=1, outsel=0, asel=0, bsel=0, oen=1, OUT=        10
                  98clk=1, addressA= 0, addressB= 1, dataIn=        10, opsel=1, outsel=0, asel=0, bsel=0, oen=1, OUT=        10
                  99clk=1, addressA= 0, addressB= 1, dataIn=        10, opsel=1, outsel=0, asel=0, bsel=0, oen=1, OUT=        10
                 100clk=0, addressA= 0, addressB= 2, dataIn=        30, opsel=1, outsel=0, asel=0, bsel=0, oen=1, OUT=        10
                 101clk=0, addressA= 0, addressB= 2, dataIn=        30, opsel=1, outsel=0, asel=0, bsel=0, oen=1, OUT=        10
                 102clk=0, addressA= 0, addressB= 2, dataIn=        30, opsel=1, outsel=0, asel=0, bsel=0, oen=1, OUT=        10
                 103clk=0, addressA= 0, addressB= 2, dataIn=        30, opsel=1, outsel=0, asel=0, bsel=0, oen=1, OUT=        10
                 104clk=0, addressA= 0, addressB= 2, dataIn=        30, opsel=1, outsel=0, asel=0, bsel=0, oen=1, OUT=        10
                 105clk=0, addressA= 0, addressB= 2, dataIn=        30, opsel=1, outsel=0, asel=0, bsel=0, oen=1, OUT=        10
                 106clk=0, addressA= 0, addressB= 2, dataIn=        30, opsel=1, outsel=0, asel=0, bsel=0, oen=1, OUT=        10
                 107clk=0, addressA= 0, addressB= 2, dataIn=        30, opsel=1, outsel=0, asel=0, bsel=0, oen=1, OUT=        10
                 108clk=0, addressA= 0, addressB= 2, dataIn=        30, opsel=1, outsel=0, asel=0, bsel=0, oen=1, OUT=        10
                 109clk=0, addressA= 0, addressB= 2, dataIn=        30, opsel=1, outsel=0, asel=0, bsel=0, oen=1, OUT=        10
                 110clk=0, addressA= 0, addressB= 2, dataIn=        30, opsel=1, outsel=0, asel=0, bsel=0, oen=1, OUT=        10
                 111clk=0, addressA= 0, addressB= 2, dataIn=        30, opsel=1, outsel=0, asel=0, bsel=0, oen=1, OUT=        10
                 112clk=0, addressA= 0, addressB= 2, dataIn=        30, opsel=1, outsel=0, asel=0, bsel=0, oen=1, OUT=        10
                 113clk=0, addressA= 0, addressB= 2, dataIn=        30, opsel=1, outsel=0, asel=0, bsel=0, oen=1, OUT=        10
                 114clk=0, addressA= 0, addressB= 2, dataIn=        30, opsel=1, outsel=0, asel=0, bsel=0, oen=1, OUT=        10
                 115clk=0, addressA= 0, addressB= 2, dataIn=        30, opsel=1, outsel=0, asel=0, bsel=0, oen=1, OUT=        10
                 116clk=0, addressA= 0, addressB= 2, dataIn=        30, opsel=1, outsel=0, asel=0, bsel=0, oen=1, OUT=        10
                 117clk=0, addressA= 0, addressB= 2, dataIn=        30, opsel=1, outsel=0, asel=0, bsel=0, oen=1, OUT=        10
                 118clk=0, addressA= 0, addressB= 2, dataIn=        30, opsel=1, outsel=0, asel=0, bsel=0, oen=1, OUT=        10
                 119clk=0, addressA= 0, addressB= 2, dataIn=        30, opsel=1, outsel=0, asel=0, bsel=0, oen=1, OUT=        10
                 120clk=1, addressA= 0, addressB= 2, dataIn=        30, opsel=1, outsel=0, asel=0, bsel=0, oen=1, OUT=        10
                 121clk=1, addressA= 0, addressB= 2, dataIn=        30, opsel=1, outsel=0, asel=0, bsel=0, oen=1, OUT=        30
                 122clk=1, addressA= 0, addressB= 2, dataIn=        30, opsel=1, outsel=0, asel=0, bsel=0, oen=1, OUT=        30
                 123clk=1, addressA= 0, addressB= 2, dataIn=        30, opsel=1, outsel=0, asel=0, bsel=0, oen=1, OUT=        30
                 124clk=1, addressA= 0, addressB= 2, dataIn=        30, opsel=1, outsel=0, asel=0, bsel=0, oen=1, OUT=        30
                 125clk=1, addressA= 0, addressB= 2, dataIn=        30, opsel=1, outsel=0, asel=0, bsel=0, oen=1, OUT=        30
                 126clk=1, addressA= 0, addressB= 2, dataIn=        30, opsel=1, outsel=0, asel=0, bsel=0, oen=1, OUT=        30
                 127clk=1, addressA= 0, addressB= 2, dataIn=        30, opsel=1, outsel=0, asel=0, bsel=0, oen=1, OUT=        30
                 128clk=1, addressA= 0, addressB= 2, dataIn=        30, opsel=1, outsel=0, asel=0, bsel=0, oen=1, OUT=        30
                 129clk=1, addressA= 0, addressB= 2, dataIn=        30, opsel=1, outsel=0, asel=0, bsel=0, oen=1, OUT=        30
                 130clk=1, addressA= 0, addressB= 2, dataIn=        30, opsel=1, outsel=0, asel=0, bsel=0, oen=1, OUT=        30
                 131clk=1, addressA= 0, addressB= 2, dataIn=        30, opsel=1, outsel=0, asel=0, bsel=0, oen=1, OUT=        30
                 132clk=1, addressA= 0, addressB= 2, dataIn=        30, opsel=1, outsel=0, asel=0, bsel=0, oen=1, OUT=        30
                 133clk=1, addressA= 0, addressB= 2, dataIn=        30, opsel=1, outsel=0, asel=0, bsel=0, oen=1, OUT=        30
                 134clk=1, addressA= 0, addressB= 2, dataIn=        30, opsel=1, outsel=0, asel=0, bsel=0, oen=1, OUT=        30
                 135clk=1, addressA= 0, addressB= 2, dataIn=        30, opsel=1, outsel=0, asel=0, bsel=0, oen=1, OUT=        30
                 136clk=1, addressA= 0, addressB= 2, dataIn=        30, opsel=1, outsel=0, asel=0, bsel=0, oen=1, OUT=        30
                 137clk=1, addressA= 0, addressB= 2, dataIn=        30, opsel=1, outsel=0, asel=0, bsel=0, oen=1, OUT=        30
                 138clk=1, addressA= 0, addressB= 2, dataIn=        30, opsel=1, outsel=0, asel=0, bsel=0, oen=1, OUT=        30
                 139clk=1, addressA= 0, addressB= 2, dataIn=        30, opsel=1, outsel=0, asel=0, bsel=0, oen=1, OUT=        30
                 140clk=0, addressA= 0, addressB=20, dataIn=        50, opsel=1, outsel=0, asel=0, bsel=0, oen=1, OUT=        30
                 141clk=0, addressA= 0, addressB=20, dataIn=        50, opsel=1, outsel=0, asel=0, bsel=0, oen=1, OUT=        30
                 142clk=0, addressA= 0, addressB=20, dataIn=        50, opsel=1, outsel=0, asel=0, bsel=0, oen=1, OUT=        30
                 143clk=0, addressA= 0, addressB=20, dataIn=        50, opsel=1, outsel=0, asel=0, bsel=0, oen=1, OUT=        30
                 144clk=0, addressA= 0, addressB=20, dataIn=        50, opsel=1, outsel=0, asel=0, bsel=0, oen=1, OUT=        30
                 145clk=0, addressA= 0, addressB=20, dataIn=        50, opsel=1, outsel=0, asel=0, bsel=0, oen=1, OUT=        30
                 146clk=0, addressA= 0, addressB=20, dataIn=        50, opsel=1, outsel=0, asel=0, bsel=0, oen=1, OUT=        30
                 147clk=0, addressA= 0, addressB=20, dataIn=        50, opsel=1, outsel=0, asel=0, bsel=0, oen=1, OUT=        30
                 148clk=0, addressA= 0, addressB=20, dataIn=        50, opsel=1, outsel=0, asel=0, bsel=0, oen=1, OUT=        30
                 149clk=0, addressA= 0, addressB=20, dataIn=        50, opsel=1, outsel=0, asel=0, bsel=0, oen=1, OUT=        30
                 150clk=0, addressA= 0, addressB=20, dataIn=        50, opsel=1, outsel=0, asel=0, bsel=0, oen=1, OUT=        30
                 151clk=0, addressA= 0, addressB=20, dataIn=        50, opsel=1, outsel=0, asel=0, bsel=0, oen=1, OUT=        30
                 152clk=0, addressA= 0, addressB=20, dataIn=        50, opsel=1, outsel=0, asel=0, bsel=0, oen=1, OUT=        30
                 153clk=0, addressA= 0, addressB=20, dataIn=        50, opsel=1, outsel=0, asel=0, bsel=0, oen=1, OUT=        30
                 154clk=0, addressA= 0, addressB=20, dataIn=        50, opsel=1, outsel=0, asel=0, bsel=0, oen=1, OUT=        30
                 155clk=0, addressA= 0, addressB=20, dataIn=        50, opsel=1, outsel=0, asel=0, bsel=0, oen=1, OUT=        30
                 156clk=0, addressA= 0, addressB=20, dataIn=        50, opsel=1, outsel=0, asel=0, bsel=0, oen=1, OUT=        30
                 157clk=0, addressA= 0, addressB=20, dataIn=        50, opsel=1, outsel=0, asel=0, bsel=0, oen=1, OUT=        30
                 158clk=0, addressA= 0, addressB=20, dataIn=        50, opsel=1, outsel=0, asel=0, bsel=0, oen=1, OUT=        30
                 159clk=0, addressA= 0, addressB=20, dataIn=        50, opsel=1, outsel=0, asel=0, bsel=0, oen=1, OUT=        30
                 160clk=1, addressA= 0, addressB=20, dataIn=        50, opsel=1, outsel=0, asel=0, bsel=0, oen=1, OUT=        30
                 161clk=1, addressA= 0, addressB=20, dataIn=        50, opsel=1, outsel=0, asel=0, bsel=0, oen=1, OUT=        50
                 162clk=1, addressA= 0, addressB=20, dataIn=        50, opsel=1, outsel=0, asel=0, bsel=0, oen=1, OUT=        50
                 163clk=1, addressA= 0, addressB=20, dataIn=        50, opsel=1, outsel=0, asel=0, bsel=0, oen=1, OUT=        50
                 164clk=1, addressA= 0, addressB=20, dataIn=        50, opsel=1, outsel=0, asel=0, bsel=0, oen=1, OUT=        50
                 165clk=1, addressA= 0, addressB=20, dataIn=        50, opsel=1, outsel=0, asel=0, bsel=0, oen=1, OUT=        50
                 166clk=1, addressA= 0, addressB=20, dataIn=        50, opsel=1, outsel=0, asel=0, bsel=0, oen=1, OUT=        50
                 167clk=1, addressA= 0, addressB=20, dataIn=        50, opsel=1, outsel=0, asel=0, bsel=0, oen=1, OUT=        50
                 168clk=1, addressA= 0, addressB=20, dataIn=        50, opsel=1, outsel=0, asel=0, bsel=0, oen=1, OUT=        50
                 169clk=1, addressA= 0, addressB=20, dataIn=        50, opsel=1, outsel=0, asel=0, bsel=0, oen=1, OUT=        50
                 170clk=1, addressA= 0, addressB=20, dataIn=        50, opsel=1, outsel=0, asel=0, bsel=0, oen=1, OUT=        50
                 171clk=1, addressA= 0, addressB=20, dataIn=        50, opsel=1, outsel=0, asel=0, bsel=0, oen=1, OUT=        50
                 172clk=1, addressA= 0, addressB=20, dataIn=        50, opsel=1, outsel=0, asel=0, bsel=0, oen=1, OUT=        50
                 173clk=1, addressA= 0, addressB=20, dataIn=        50, opsel=1, outsel=0, asel=0, bsel=0, oen=1, OUT=        50
                 174clk=1, addressA= 0, addressB=20, dataIn=        50, opsel=1, outsel=0, asel=0, bsel=0, oen=1, OUT=        50
                 175clk=1, addressA= 0, addressB=20, dataIn=        50, opsel=1, outsel=0, asel=0, bsel=0, oen=1, OUT=        50
                 176clk=1, addressA= 0, addressB=20, dataIn=        50, opsel=1, outsel=0, asel=0, bsel=0, oen=1, OUT=        50
                 177clk=1, addressA= 0, addressB=20, dataIn=        50, opsel=1, outsel=0, asel=0, bsel=0, oen=1, OUT=        50
                 178clk=1, addressA= 0, addressB=20, dataIn=        50, opsel=1, outsel=0, asel=0, bsel=0, oen=1, OUT=        50
                 179clk=1, addressA= 0, addressB=20, dataIn=        50, opsel=1, outsel=0, asel=0, bsel=0, oen=1, OUT=        50
                 180clk=0, addressA= 0, addressB= 1, dataIn=         0, opsel=0, outsel=1, asel=1, bsel=1, oen=1, OUT=        50
                 181clk=0, addressA= 0, addressB= 1, dataIn=         0, opsel=0, outsel=1, asel=1, bsel=1, oen=1, OUT=        50
                 182clk=0, addressA= 0, addressB= 1, dataIn=         0, opsel=0, outsel=1, asel=1, bsel=1, oen=1, OUT=        50
                 183clk=0, addressA= 0, addressB= 1, dataIn=         0, opsel=0, outsel=1, asel=1, bsel=1, oen=1, OUT=        50
                 184clk=0, addressA= 0, addressB= 1, dataIn=         0, opsel=0, outsel=1, asel=1, bsel=1, oen=1, OUT=        50
                 185clk=0, addressA= 0, addressB= 1, dataIn=         0, opsel=0, outsel=1, asel=1, bsel=1, oen=1, OUT=        50
                 186clk=0, addressA= 0, addressB= 1, dataIn=         0, opsel=0, outsel=1, asel=1, bsel=1, oen=1, OUT=        50
                 187clk=0, addressA= 0, addressB= 1, dataIn=         0, opsel=0, outsel=1, asel=1, bsel=1, oen=1, OUT=        50
                 188clk=0, addressA= 0, addressB= 1, dataIn=         0, opsel=0, outsel=1, asel=1, bsel=1, oen=1, OUT=        50
                 189clk=0, addressA= 0, addressB= 1, dataIn=         0, opsel=0, outsel=1, asel=1, bsel=1, oen=1, OUT=        50
                 190clk=0, addressA= 0, addressB= 1, dataIn=         0, opsel=0, outsel=1, asel=1, bsel=1, oen=1, OUT=        50
                 191clk=0, addressA= 0, addressB= 1, dataIn=         0, opsel=0, outsel=1, asel=1, bsel=1, oen=1, OUT=        50
                 192clk=0, addressA= 0, addressB= 1, dataIn=         0, opsel=0, outsel=1, asel=1, bsel=1, oen=1, OUT=        50
                 193clk=0, addressA= 0, addressB= 1, dataIn=         0, opsel=0, outsel=1, asel=1, bsel=1, oen=1, OUT=        50
                 194clk=0, addressA= 0, addressB= 1, dataIn=         0, opsel=0, outsel=1, asel=1, bsel=1, oen=1, OUT=        50
                 195clk=0, addressA= 0, addressB= 1, dataIn=         0, opsel=0, outsel=1, asel=1, bsel=1, oen=1, OUT=        50
                 196clk=0, addressA= 0, addressB= 1, dataIn=         0, opsel=0, outsel=1, asel=1, bsel=1, oen=1, OUT=        50
                 197clk=0, addressA= 0, addressB= 1, dataIn=         0, opsel=0, outsel=1, asel=1, bsel=1, oen=1, OUT=        50
                 198clk=0, addressA= 0, addressB= 1, dataIn=         0, opsel=0, outsel=1, asel=1, bsel=1, oen=1, OUT=        50
                 199clk=0, addressA= 0, addressB= 1, dataIn=         0, opsel=0, outsel=1, asel=1, bsel=1, oen=1, OUT=        50
                 200clk=1, addressA= 0, addressB= 1, dataIn=         0, opsel=0, outsel=1, asel=1, bsel=1, oen=1, OUT=        50
                 201clk=1, addressA= 0, addressB= 1, dataIn=         0, opsel=0, outsel=1, asel=1, bsel=1, oen=1, OUT=         0
                 202clk=1, addressA= 0, addressB= 1, dataIn=         0, opsel=0, outsel=1, asel=1, bsel=1, oen=1, OUT=         0
                 203clk=1, addressA= 0, addressB= 1, dataIn=         0, opsel=0, outsel=1, asel=1, bsel=1, oen=1, OUT=         0
                 204clk=1, addressA= 0, addressB= 1, dataIn=         0, opsel=0, outsel=1, asel=1, bsel=1, oen=1, OUT=         0
                 205clk=1, addressA= 0, addressB= 1, dataIn=         0, opsel=0, outsel=1, asel=1, bsel=1, oen=1, OUT=         0
                 206clk=1, addressA= 0, addressB= 1, dataIn=         0, opsel=0, outsel=1, asel=1, bsel=1, oen=1, OUT=         0
                 207clk=1, addressA= 0, addressB= 1, dataIn=         0, opsel=0, outsel=1, asel=1, bsel=1, oen=1, OUT=         0
                 208clk=1, addressA= 0, addressB= 1, dataIn=         0, opsel=0, outsel=1, asel=1, bsel=1, oen=1, OUT=         0
                 209clk=1, addressA= 0, addressB= 1, dataIn=         0, opsel=0, outsel=1, asel=1, bsel=1, oen=1, OUT=         0
                 210clk=1, addressA= 0, addressB= 1, dataIn=         0, opsel=0, outsel=1, asel=1, bsel=1, oen=1, OUT=         0
                 211clk=1, addressA= 0, addressB= 1, dataIn=         0, opsel=0, outsel=1, asel=1, bsel=1, oen=1, OUT=         0
                 212clk=1, addressA= 0, addressB= 1, dataIn=         0, opsel=0, outsel=1, asel=1, bsel=1, oen=1, OUT=         0
                 213clk=1, addressA= 0, addressB= 1, dataIn=         0, opsel=0, outsel=1, asel=1, bsel=1, oen=1, OUT=         0
                 214clk=1, addressA= 0, addressB= 1, dataIn=         0, opsel=0, outsel=1, asel=1, bsel=1, oen=1, OUT=         0
                 215clk=1, addressA= 0, addressB= 1, dataIn=         0, opsel=0, outsel=1, asel=1, bsel=1, oen=1, OUT=         0
                 216clk=1, addressA= 0, addressB= 1, dataIn=         0, opsel=0, outsel=1, asel=1, bsel=1, oen=1, OUT=         0
                 217clk=1, addressA= 0, addressB= 1, dataIn=         0, opsel=0, outsel=1, asel=1, bsel=1, oen=1, OUT=         0
                 218clk=1, addressA= 0, addressB= 1, dataIn=         0, opsel=0, outsel=1, asel=1, bsel=1, oen=1, OUT=         0
                 219clk=1, addressA= 0, addressB= 1, dataIn=         0, opsel=0, outsel=1, asel=1, bsel=1, oen=1, OUT=         0
                 220clk=0, addressA= 0, addressB= 1, dataIn=         0, opsel=0, outsel=1, asel=1, bsel=1, oen=1, OUT=         0
                 221clk=0, addressA= 0, addressB= 1, dataIn=         0, opsel=0, outsel=1, asel=1, bsel=1, oen=1, OUT=         0
                 222clk=0, addressA= 0, addressB= 1, dataIn=         0, opsel=0, outsel=1, asel=1, bsel=1, oen=1, OUT=         0
                 223clk=0, addressA= 0, addressB= 1, dataIn=         0, opsel=0, outsel=1, asel=1, bsel=1, oen=1, OUT=         0
                 224clk=0, addressA= 0, addressB= 1, dataIn=         0, opsel=0, outsel=1, asel=1, bsel=1, oen=1, OUT=         0
                 225clk=0, addressA= 0, addressB= 1, dataIn=         0, opsel=0, outsel=1, asel=1, bsel=1, oen=1, OUT=         0
                 226clk=0, addressA= 0, addressB= 1, dataIn=         0, opsel=0, outsel=1, asel=1, bsel=1, oen=1, OUT=         0
                 227clk=0, addressA= 0, addressB= 1, dataIn=         0, opsel=0, outsel=1, asel=1, bsel=1, oen=1, OUT=         0
                 228clk=0, addressA= 0, addressB= 1, dataIn=         0, opsel=0, outsel=1, asel=1, bsel=1, oen=1, OUT=         0
                 229clk=0, addressA= 0, addressB= 1, dataIn=         0, opsel=0, outsel=1, asel=1, bsel=1, oen=1, OUT=         0
                 230clk=0, addressA= 0, addressB= 1, dataIn=         0, opsel=0, outsel=1, asel=1, bsel=1, oen=1, OUT=         0
                 231clk=0, addressA= 0, addressB= 1, dataIn=         0, opsel=0, outsel=1, asel=1, bsel=1, oen=1, OUT=         0
                 232clk=0, addressA= 0, addressB= 1, dataIn=         0, opsel=0, outsel=1, asel=1, bsel=1, oen=1, OUT=         0
                 233clk=0, addressA= 0, addressB= 1, dataIn=         0, opsel=0, outsel=1, asel=1, bsel=1, oen=1, OUT=         0
                 234clk=0, addressA= 0, addressB= 1, dataIn=         0, opsel=0, outsel=1, asel=1, bsel=1, oen=1, OUT=         0
                 235clk=0, addressA= 0, addressB= 1, dataIn=         0, opsel=0, outsel=1, asel=1, bsel=1, oen=1, OUT=         0
                 236clk=0, addressA= 0, addressB= 1, dataIn=         0, opsel=0, outsel=1, asel=1, bsel=1, oen=1, OUT=         0
                 237clk=0, addressA= 0, addressB= 1, dataIn=         0, opsel=0, outsel=1, asel=1, bsel=1, oen=1, OUT=         0
                 238clk=0, addressA= 0, addressB= 1, dataIn=         0, opsel=0, outsel=1, asel=1, bsel=1, oen=1, OUT=         0
                 239clk=0, addressA= 0, addressB= 1, dataIn=         0, opsel=0, outsel=1, asel=1, bsel=1, oen=1, OUT=         0
                 240clk=1, addressA= 0, addressB= 1, dataIn=         0, opsel=0, outsel=1, asel=1, bsel=1, oen=1, OUT=         0
                 241clk=1, addressA= 0, addressB= 1, dataIn=         0, opsel=0, outsel=1, asel=1, bsel=1, oen=1, OUT=         0
                 242clk=1, addressA= 0, addressB= 1, dataIn=         0, opsel=0, outsel=1, asel=1, bsel=1, oen=1, OUT=         0
                 243clk=1, addressA= 0, addressB= 1, dataIn=         0, opsel=0, outsel=1, asel=1, bsel=1, oen=1, OUT=         0
                 244clk=1, addressA= 0, addressB= 1, dataIn=         0, opsel=0, outsel=1, asel=1, bsel=1, oen=1, OUT=         0
                 245clk=1, addressA= 0, addressB= 1, dataIn=         0, opsel=0, outsel=1, asel=1, bsel=1, oen=1, OUT=         0
                 246clk=1, addressA= 0, addressB= 1, dataIn=         0, opsel=0, outsel=1, asel=1, bsel=1, oen=1, OUT=         0
                 247clk=1, addressA= 0, addressB= 1, dataIn=         0, opsel=0, outsel=1, asel=1, bsel=1, oen=1, OUT=         0
                 248clk=1, addressA= 0, addressB= 1, dataIn=         0, opsel=0, outsel=1, asel=1, bsel=1, oen=1, OUT=         0
                 249clk=1, addressA= 0, addressB= 1, dataIn=         0, opsel=0, outsel=1, asel=1, bsel=1, oen=1, OUT=         0
                 250clk=1, addressA= 0, addressB= 1, dataIn=         0, opsel=0, outsel=1, asel=1, bsel=1, oen=1, OUT=         0
                 251clk=1, addressA= 0, addressB= 1, dataIn=         0, opsel=0, outsel=1, asel=1, bsel=1, oen=1, OUT=         0
                 252clk=1, addressA= 0, addressB= 1, dataIn=         0, opsel=0, outsel=1, asel=1, bsel=1, oen=1, OUT=         0
                 253clk=1, addressA= 0, addressB= 1, dataIn=         0, opsel=0, outsel=1, asel=1, bsel=1, oen=1, OUT=         0
                 254clk=1, addressA= 0, addressB= 1, dataIn=         0, opsel=0, outsel=1, asel=1, bsel=1, oen=1, OUT=         0
                 255clk=1, addressA= 0, addressB= 1, dataIn=         0, opsel=0, outsel=1, asel=1, bsel=1, oen=1, OUT=         0
                 256clk=1, addressA= 0, addressB= 1, dataIn=         0, opsel=0, outsel=1, asel=1, bsel=1, oen=1, OUT=         0
                 257clk=1, addressA= 0, addressB= 1, dataIn=         0, opsel=0, outsel=1, asel=1, bsel=1, oen=1, OUT=         0
                 258clk=1, addressA= 0, addressB= 1, dataIn=         0, opsel=0, outsel=1, asel=1, bsel=1, oen=1, OUT=         0
                 259clk=1, addressA= 0, addressB= 1, dataIn=         0, opsel=0, outsel=1, asel=1, bsel=1, oen=1, OUT=         0
                 260clk=0, addressA= 1, addressB= 2, dataIn=         0, opsel=0, outsel=1, asel=1, bsel=1, oen=1, OUT=         0
                 261clk=0, addressA= 1, addressB= 2, dataIn=         0, opsel=0, outsel=1, asel=1, bsel=1, oen=1, OUT=         0
                 262clk=0, addressA= 1, addressB= 2, dataIn=         0, opsel=0, outsel=1, asel=1, bsel=1, oen=1, OUT=         0
                 263clk=0, addressA= 1, addressB= 2, dataIn=         0, opsel=0, outsel=1, asel=1, bsel=1, oen=1, OUT=         0
                 264clk=0, addressA= 1, addressB= 2, dataIn=         0, opsel=0, outsel=1, asel=1, bsel=1, oen=1, OUT=         0
                 265clk=0, addressA= 1, addressB= 2, dataIn=         0, opsel=0, outsel=1, asel=1, bsel=1, oen=1, OUT=         0
                 266clk=0, addressA= 1, addressB= 2, dataIn=         0, opsel=0, outsel=1, asel=1, bsel=1, oen=1, OUT=         0
                 267clk=0, addressA= 1, addressB= 2, dataIn=         0, opsel=0, outsel=1, asel=1, bsel=1, oen=1, OUT=         0
                 268clk=0, addressA= 1, addressB= 2, dataIn=         0, opsel=0, outsel=1, asel=1, bsel=1, oen=1, OUT=         0
                 269clk=0, addressA= 1, addressB= 2, dataIn=         0, opsel=0, outsel=1, asel=1, bsel=1, oen=1, OUT=         0
                 270clk=0, addressA= 1, addressB= 2, dataIn=         0, opsel=0, outsel=1, asel=1, bsel=1, oen=1, OUT=         0
                 271clk=0, addressA= 1, addressB= 2, dataIn=         0, opsel=0, outsel=1, asel=1, bsel=1, oen=1, OUT=         0
                 272clk=0, addressA= 1, addressB= 2, dataIn=         0, opsel=0, outsel=1, asel=1, bsel=1, oen=1, OUT=         0
                 273clk=0, addressA= 1, addressB= 2, dataIn=         0, opsel=0, outsel=1, asel=1, bsel=1, oen=1, OUT=         0
                 274clk=0, addressA= 1, addressB= 2, dataIn=         0, opsel=0, outsel=1, asel=1, bsel=1, oen=1, OUT=         0
                 275clk=0, addressA= 1, addressB= 2, dataIn=         0, opsel=0, outsel=1, asel=1, bsel=1, oen=1, OUT=         0
                 276clk=0, addressA= 1, addressB= 2, dataIn=         0, opsel=0, outsel=1, asel=1, bsel=1, oen=1, OUT=         0
                 277clk=0, addressA= 1, addressB= 2, dataIn=         0, opsel=0, outsel=1, asel=1, bsel=1, oen=1, OUT=         0
                 278clk=0, addressA= 1, addressB= 2, dataIn=         0, opsel=0, outsel=1, asel=1, bsel=1, oen=1, OUT=         0
                 279clk=0, addressA= 1, addressB= 2, dataIn=         0, opsel=0, outsel=1, asel=1, bsel=1, oen=1, OUT=         0
                 280clk=1, addressA= 1, addressB= 2, dataIn=         0, opsel=0, outsel=1, asel=1, bsel=1, oen=1, OUT=         0
                 281clk=1, addressA= 1, addressB= 2, dataIn=         0, opsel=0, outsel=1, asel=1, bsel=1, oen=1, OUT=        30
                 282clk=1, addressA= 1, addressB= 2, dataIn=         0, opsel=0, outsel=1, asel=1, bsel=1, oen=1, OUT=        30
                 283clk=1, addressA= 1, addressB= 2, dataIn=         0, opsel=0, outsel=1, asel=1, bsel=1, oen=1, OUT=        30
                 284clk=1, addressA= 1, addressB= 2, dataIn=         0, opsel=0, outsel=1, asel=1, bsel=1, oen=1, OUT=        30
                 285clk=1, addressA= 1, addressB= 2, dataIn=         0, opsel=0, outsel=1, asel=1, bsel=1, oen=1, OUT=        30
                 286clk=1, addressA= 1, addressB= 2, dataIn=         0, opsel=0, outsel=1, asel=1, bsel=1, oen=1, OUT=        30
                 287clk=1, addressA= 1, addressB= 2, dataIn=         0, opsel=0, outsel=1, asel=1, bsel=1, oen=1, OUT=        30
                 288clk=1, addressA= 1, addressB= 2, dataIn=         0, opsel=0, outsel=1, asel=1, bsel=1, oen=1, OUT=        30
                 289clk=1, addressA= 1, addressB= 2, dataIn=         0, opsel=0, outsel=1, asel=1, bsel=1, oen=1, OUT=        30
                 290clk=1, addressA= 1, addressB= 2, dataIn=         0, opsel=0, outsel=1, asel=1, bsel=1, oen=1, OUT=        30
                 291clk=1, addressA= 1, addressB= 2, dataIn=         0, opsel=0, outsel=1, asel=1, bsel=1, oen=1, OUT=        30
                 292clk=1, addressA= 1, addressB= 2, dataIn=         0, opsel=0, outsel=1, asel=1, bsel=1, oen=1, OUT=        30
                 293clk=1, addressA= 1, addressB= 2, dataIn=         0, opsel=0, outsel=1, asel=1, bsel=1, oen=1, OUT=        30
                 294clk=1, addressA= 1, addressB= 2, dataIn=         0, opsel=0, outsel=1, asel=1, bsel=1, oen=1, OUT=        30
                 295clk=1, addressA= 1, addressB= 2, dataIn=         0, opsel=0, outsel=1, asel=1, bsel=1, oen=1, OUT=        30
                 296clk=1, addressA= 1, addressB= 2, dataIn=         0, opsel=0, outsel=1, asel=1, bsel=1, oen=1, OUT=        30
                 297clk=1, addressA= 1, addressB= 2, dataIn=         0, opsel=0, outsel=1, asel=1, bsel=1, oen=1, OUT=        30
                 298clk=1, addressA= 1, addressB= 2, dataIn=         0, opsel=0, outsel=1, asel=1, bsel=1, oen=1, OUT=        30
                 299clk=1, addressA= 1, addressB= 2, dataIn=         0, opsel=0, outsel=1, asel=1, bsel=1, oen=1, OUT=        30
                 300clk=0, addressA= 0, addressB=20, dataIn=         0, opsel=1, outsel=1, asel=1, bsel=1, oen=1, OUT=        30
                 301clk=0, addressA= 0, addressB=20, dataIn=         0, opsel=1, outsel=1, asel=1, bsel=1, oen=1, OUT=        30
                 302clk=0, addressA= 0, addressB=20, dataIn=         0, opsel=1, outsel=1, asel=1, bsel=1, oen=1, OUT=        30
                 303clk=0, addressA= 0, addressB=20, dataIn=         0, opsel=1, outsel=1, asel=1, bsel=1, oen=1, OUT=        30
                 304clk=0, addressA= 0, addressB=20, dataIn=         0, opsel=1, outsel=1, asel=1, bsel=1, oen=1, OUT=        30
                 305clk=0, addressA= 0, addressB=20, dataIn=         0, opsel=1, outsel=1, asel=1, bsel=1, oen=1, OUT=        30
                 306clk=0, addressA= 0, addressB=20, dataIn=         0, opsel=1, outsel=1, asel=1, bsel=1, oen=1, OUT=        30
                 307clk=0, addressA= 0, addressB=20, dataIn=         0, opsel=1, outsel=1, asel=1, bsel=1, oen=1, OUT=        30
                 308clk=0, addressA= 0, addressB=20, dataIn=         0, opsel=1, outsel=1, asel=1, bsel=1, oen=1, OUT=        30
                 309clk=0, addressA= 0, addressB=20, dataIn=         0, opsel=1, outsel=1, asel=1, bsel=1, oen=1, OUT=        30
                 310clk=0, addressA= 0, addressB=20, dataIn=         0, opsel=1, outsel=1, asel=1, bsel=1, oen=1, OUT=        30
                 311clk=0, addressA= 0, addressB=20, dataIn=         0, opsel=1, outsel=1, asel=1, bsel=1, oen=1, OUT=        30
                 312clk=0, addressA= 0, addressB=20, dataIn=         0, opsel=1, outsel=1, asel=1, bsel=1, oen=1, OUT=        30
                 313clk=0, addressA= 0, addressB=20, dataIn=         0, opsel=1, outsel=1, asel=1, bsel=1, oen=1, OUT=        30
                 314clk=0, addressA= 0, addressB=20, dataIn=         0, opsel=1, outsel=1, asel=1, bsel=1, oen=1, OUT=        30
                 315clk=0, addressA= 0, addressB=20, dataIn=         0, opsel=1, outsel=1, asel=1, bsel=1, oen=1, OUT=        30
                 316clk=0, addressA= 0, addressB=20, dataIn=         0, opsel=1, outsel=1, asel=1, bsel=1, oen=1, OUT=        30
                 317clk=0, addressA= 0, addressB=20, dataIn=         0, opsel=1, outsel=1, asel=1, bsel=1, oen=1, OUT=        30
                 318clk=0, addressA= 0, addressB=20, dataIn=         0, opsel=1, outsel=1, asel=1, bsel=1, oen=1, OUT=        30
                 319clk=0, addressA= 0, addressB=20, dataIn=         0, opsel=1, outsel=1, asel=1, bsel=1, oen=1, OUT=        30
                 320clk=1, addressA= 0, addressB=20, dataIn=         0, opsel=1, outsel=1, asel=1, bsel=1, oen=1, OUT=        30
                 321clk=1, addressA= 0, addressB=20, dataIn=         0, opsel=1, outsel=1, asel=1, bsel=1, oen=1, OUT=4294967236
                 322clk=1, addressA= 0, addressB=20, dataIn=         0, opsel=1, outsel=1, asel=1, bsel=1, oen=1, OUT=4294967236
                 323clk=1, addressA= 0, addressB=20, dataIn=         0, opsel=1, outsel=1, asel=1, bsel=1, oen=1, OUT=4294967236
                 324clk=1, addressA= 0, addressB=20, dataIn=         0, opsel=1, outsel=1, asel=1, bsel=1, oen=1, OUT=4294967236
                 325clk=1, addressA= 0, addressB=20, dataIn=         0, opsel=1, outsel=1, asel=1, bsel=1, oen=1, OUT=4294967236
                 326clk=1, addressA= 0, addressB=20, dataIn=         0, opsel=1, outsel=1, asel=1, bsel=1, oen=1, OUT=4294967236
                 327clk=1, addressA= 0, addressB=20, dataIn=         0, opsel=1, outsel=1, asel=1, bsel=1, oen=1, OUT=4294967236
                 328clk=1, addressA= 0, addressB=20, dataIn=         0, opsel=1, outsel=1, asel=1, bsel=1, oen=1, OUT=4294967236
                 329clk=1, addressA= 0, addressB=20, dataIn=         0, opsel=1, outsel=1, asel=1, bsel=1, oen=1, OUT=4294967236
                 330clk=1, addressA= 0, addressB=20, dataIn=         0, opsel=1, outsel=1, asel=1, bsel=1, oen=1, OUT=4294967236
                 331clk=1, addressA= 0, addressB=20, dataIn=         0, opsel=1, outsel=1, asel=1, bsel=1, oen=1, OUT=4294967236
                 332clk=1, addressA= 0, addressB=20, dataIn=         0, opsel=1, outsel=1, asel=1, bsel=1, oen=1, OUT=4294967236
                 333clk=1, addressA= 0, addressB=20, dataIn=         0, opsel=1, outsel=1, asel=1, bsel=1, oen=1, OUT=4294967236
                 334clk=1, addressA= 0, addressB=20, dataIn=         0, opsel=1, outsel=1, asel=1, bsel=1, oen=1, OUT=4294967236
                 335clk=1, addressA= 0, addressB=20, dataIn=         0, opsel=1, outsel=1, asel=1, bsel=1, oen=1, OUT=4294967236
                 336clk=1, addressA= 0, addressB=20, dataIn=         0, opsel=1, outsel=1, asel=1, bsel=1, oen=1, OUT=4294967236
                 337clk=1, addressA= 0, addressB=20, dataIn=         0, opsel=1, outsel=1, asel=1, bsel=1, oen=1, OUT=4294967236
                 338clk=1, addressA= 0, addressB=20, dataIn=         0, opsel=1, outsel=1, asel=1, bsel=1, oen=1, OUT=4294967236
                 339clk=1, addressA= 0, addressB=20, dataIn=         0, opsel=1, outsel=1, asel=1, bsel=1, oen=1, OUT=4294967236
                 340clk=0, addressA= 1, addressB= 1, dataIn=         0, opsel=1, outsel=0, asel=1, bsel=0, oen=1, OUT=4294967236
                 341clk=0, addressA= 1, addressB= 1, dataIn=         0, opsel=1, outsel=0, asel=1, bsel=0, oen=1, OUT=4294967236
                 342clk=0, addressA= 1, addressB= 1, dataIn=         0, opsel=1, outsel=0, asel=1, bsel=0, oen=1, OUT=4294967236
                 343clk=0, addressA= 1, addressB= 1, dataIn=         0, opsel=1, outsel=0, asel=1, bsel=0, oen=1, OUT=4294967236
                 344clk=0, addressA= 1, addressB= 1, dataIn=         0, opsel=1, outsel=0, asel=1, bsel=0, oen=1, OUT=4294967236
                 345clk=0, addressA= 1, addressB= 1, dataIn=         0, opsel=1, outsel=0, asel=1, bsel=0, oen=1, OUT=4294967236
                 346clk=0, addressA= 1, addressB= 1, dataIn=         0, opsel=1, outsel=0, asel=1, bsel=0, oen=1, OUT=4294967236
                 347clk=0, addressA= 1, addressB= 1, dataIn=         0, opsel=1, outsel=0, asel=1, bsel=0, oen=1, OUT=4294967236
                 348clk=0, addressA= 1, addressB= 1, dataIn=         0, opsel=1, outsel=0, asel=1, bsel=0, oen=1, OUT=4294967236
                 349clk=0, addressA= 1, addressB= 1, dataIn=         0, opsel=1, outsel=0, asel=1, bsel=0, oen=1, OUT=4294967236
                 350clk=0, addressA= 1, addressB= 1, dataIn=         0, opsel=1, outsel=0, asel=1, bsel=0, oen=1, OUT=4294967236
                 351clk=0, addressA= 1, addressB= 1, dataIn=         0, opsel=1, outsel=0, asel=1, bsel=0, oen=1, OUT=4294967236
                 352clk=0, addressA= 1, addressB= 1, dataIn=         0, opsel=1, outsel=0, asel=1, bsel=0, oen=1, OUT=4294967236
                 353clk=0, addressA= 1, addressB= 1, dataIn=         0, opsel=1, outsel=0, asel=1, bsel=0, oen=1, OUT=4294967236
                 354clk=0, addressA= 1, addressB= 1, dataIn=         0, opsel=1, outsel=0, asel=1, bsel=0, oen=1, OUT=4294967236
                 355clk=0, addressA= 1, addressB= 1, dataIn=         0, opsel=1, outsel=0, asel=1, bsel=0, oen=1, OUT=4294967236
                 356clk=0, addressA= 1, addressB= 1, dataIn=         0, opsel=1, outsel=0, asel=1, bsel=0, oen=1, OUT=4294967236
                 357clk=0, addressA= 1, addressB= 1, dataIn=         0, opsel=1, outsel=0, asel=1, bsel=0, oen=1, OUT=4294967236
                 358clk=0, addressA= 1, addressB= 1, dataIn=         0, opsel=1, outsel=0, asel=1, bsel=0, oen=1, OUT=4294967236
                 359clk=0, addressA= 1, addressB= 1, dataIn=         0, opsel=1, outsel=0, asel=1, bsel=0, oen=1, OUT=4294967236
                 360clk=1, addressA= 1, addressB= 1, dataIn=         0, opsel=1, outsel=0, asel=1, bsel=0, oen=1, OUT=4294967236
                 361clk=1, addressA= 1, addressB= 1, dataIn=         0, opsel=1, outsel=0, asel=1, bsel=0, oen=1, OUT=         0
                 362clk=1, addressA= 1, addressB= 1, dataIn=         0, opsel=1, outsel=0, asel=1, bsel=0, oen=1, OUT=         0
                 363clk=1, addressA= 1, addressB= 1, dataIn=         0, opsel=1, outsel=0, asel=1, bsel=0, oen=1, OUT=         0
                 364clk=1, addressA= 1, addressB= 1, dataIn=         0, opsel=1, outsel=0, asel=1, bsel=0, oen=1, OUT=         0
                 365clk=1, addressA= 1, addressB= 1, dataIn=         0, opsel=1, outsel=0, asel=1, bsel=0, oen=1, OUT=         0
                 366clk=1, addressA= 1, addressB= 1, dataIn=         0, opsel=1, outsel=0, asel=1, bsel=0, oen=1, OUT=         0
                 367clk=1, addressA= 1, addressB= 1, dataIn=         0, opsel=1, outsel=0, asel=1, bsel=0, oen=1, OUT=         0
                 368clk=1, addressA= 1, addressB= 1, dataIn=         0, opsel=1, outsel=0, asel=1, bsel=0, oen=1, OUT=         0
                 369clk=1, addressA= 1, addressB= 1, dataIn=         0, opsel=1, outsel=0, asel=1, bsel=0, oen=1, OUT=         0
                 370clk=1, addressA= 1, addressB= 1, dataIn=         0, opsel=1, outsel=0, asel=1, bsel=0, oen=1, OUT=         0
                 371clk=1, addressA= 1, addressB= 1, dataIn=         0, opsel=1, outsel=0, asel=1, bsel=0, oen=1, OUT=         0
                 372clk=1, addressA= 1, addressB= 1, dataIn=         0, opsel=1, outsel=0, asel=1, bsel=0, oen=1, OUT=         0
                 373clk=1, addressA= 1, addressB= 1, dataIn=         0, opsel=1, outsel=0, asel=1, bsel=0, oen=1, OUT=         0
                 374clk=1, addressA= 1, addressB= 1, dataIn=         0, opsel=1, outsel=0, asel=1, bsel=0, oen=1, OUT=         0
                 375clk=1, addressA= 1, addressB= 1, dataIn=         0, opsel=1, outsel=0, asel=1, bsel=0, oen=1, OUT=         0
                 376clk=1, addressA= 1, addressB= 1, dataIn=         0, opsel=1, outsel=0, asel=1, bsel=0, oen=1, OUT=         0
                 377clk=1, addressA= 1, addressB= 1, dataIn=         0, opsel=1, outsel=0, asel=1, bsel=0, oen=1, OUT=         0
                 378clk=1, addressA= 1, addressB= 1, dataIn=         0, opsel=1, outsel=0, asel=1, bsel=0, oen=1, OUT=         0
                 379clk=1, addressA= 1, addressB= 1, dataIn=         0, opsel=1, outsel=0, asel=1, bsel=0, oen=1, OUT=         0
                 380clk=0, addressA= 2, addressB= 2, dataIn=         0, opsel=1, outsel=0, asel=1, bsel=0, oen=1, OUT=         0
                 381clk=0, addressA= 2, addressB= 2, dataIn=         0, opsel=1, outsel=0, asel=1, bsel=0, oen=1, OUT=         0
                 382clk=0, addressA= 2, addressB= 2, dataIn=         0, opsel=1, outsel=0, asel=1, bsel=0, oen=1, OUT=         0
                 383clk=0, addressA= 2, addressB= 2, dataIn=         0, opsel=1, outsel=0, asel=1, bsel=0, oen=1, OUT=         0
                 384clk=0, addressA= 2, addressB= 2, dataIn=         0, opsel=1, outsel=0, asel=1, bsel=0, oen=1, OUT=         0
                 385clk=0, addressA= 2, addressB= 2, dataIn=         0, opsel=1, outsel=0, asel=1, bsel=0, oen=1, OUT=         0
                 386clk=0, addressA= 2, addressB= 2, dataIn=         0, opsel=1, outsel=0, asel=1, bsel=0, oen=1, OUT=         0
                 387clk=0, addressA= 2, addressB= 2, dataIn=         0, opsel=1, outsel=0, asel=1, bsel=0, oen=1, OUT=         0
                 388clk=0, addressA= 2, addressB= 2, dataIn=         0, opsel=1, outsel=0, asel=1, bsel=0, oen=1, OUT=         0
                 389clk=0, addressA= 2, addressB= 2, dataIn=         0, opsel=1, outsel=0, asel=1, bsel=0, oen=1, OUT=         0
                 390clk=0, addressA= 2, addressB= 2, dataIn=         0, opsel=1, outsel=0, asel=1, bsel=0, oen=1, OUT=         0
                 391clk=0, addressA= 2, addressB= 2, dataIn=         0, opsel=1, outsel=0, asel=1, bsel=0, oen=1, OUT=         0
                 392clk=0, addressA= 2, addressB= 2, dataIn=         0, opsel=1, outsel=0, asel=1, bsel=0, oen=1, OUT=         0
                 393clk=0, addressA= 2, addressB= 2, dataIn=         0, opsel=1, outsel=0, asel=1, bsel=0, oen=1, OUT=         0
                 394clk=0, addressA= 2, addressB= 2, dataIn=         0, opsel=1, outsel=0, asel=1, bsel=0, oen=1, OUT=         0
                 395clk=0, addressA= 2, addressB= 2, dataIn=         0, opsel=1, outsel=0, asel=1, bsel=0, oen=1, OUT=         0
                 396clk=0, addressA= 2, addressB= 2, dataIn=         0, opsel=1, outsel=0, asel=1, bsel=0, oen=1, OUT=         0
                 397clk=0, addressA= 2, addressB= 2, dataIn=         0, opsel=1, outsel=0, asel=1, bsel=0, oen=1, OUT=         0
                 398clk=0, addressA= 2, addressB= 2, dataIn=         0, opsel=1, outsel=0, asel=1, bsel=0, oen=1, OUT=         0
                 399clk=0, addressA= 2, addressB= 2, dataIn=         0, opsel=1, outsel=0, asel=1, bsel=0, oen=1, OUT=         0
                 400clk=1, addressA= 2, addressB= 2, dataIn=         0, opsel=1, outsel=0, asel=1, bsel=0, oen=1, OUT=         0
                 401clk=1, addressA= 2, addressB= 2, dataIn=         0, opsel=1, outsel=0, asel=1, bsel=0, oen=1, OUT=        30
                 402clk=1, addressA= 2, addressB= 2, dataIn=         0, opsel=1, outsel=0, asel=1, bsel=0, oen=1, OUT=        30
                 403clk=1, addressA= 2, addressB= 2, dataIn=         0, opsel=1, outsel=0, asel=1, bsel=0, oen=1, OUT=        30
                 404clk=1, addressA= 2, addressB= 2, dataIn=         0, opsel=1, outsel=0, asel=1, bsel=0, oen=1, OUT=        30
                 405clk=1, addressA= 2, addressB= 2, dataIn=         0, opsel=1, outsel=0, asel=1, bsel=0, oen=1, OUT=        30
                 406clk=1, addressA= 2, addressB= 2, dataIn=         0, opsel=1, outsel=0, asel=1, bsel=0, oen=1, OUT=        30
                 407clk=1, addressA= 2, addressB= 2, dataIn=         0, opsel=1, outsel=0, asel=1, bsel=0, oen=1, OUT=        30
                 408clk=1, addressA= 2, addressB= 2, dataIn=         0, opsel=1, outsel=0, asel=1, bsel=0, oen=1, OUT=        30
                 409clk=1, addressA= 2, addressB= 2, dataIn=         0, opsel=1, outsel=0, asel=1, bsel=0, oen=1, OUT=        30
                 410clk=1, addressA= 2, addressB= 2, dataIn=         0, opsel=1, outsel=0, asel=1, bsel=0, oen=1, OUT=        30
                 411clk=1, addressA= 2, addressB= 2, dataIn=         0, opsel=1, outsel=0, asel=1, bsel=0, oen=1, OUT=        30
                 412clk=1, addressA= 2, addressB= 2, dataIn=         0, opsel=1, outsel=0, asel=1, bsel=0, oen=1, OUT=        30
                 413clk=1, addressA= 2, addressB= 2, dataIn=         0, opsel=1, outsel=0, asel=1, bsel=0, oen=1, OUT=        30
                 414clk=1, addressA= 2, addressB= 2, dataIn=         0, opsel=1, outsel=0, asel=1, bsel=0, oen=1, OUT=        30
                 415clk=1, addressA= 2, addressB= 2, dataIn=         0, opsel=1, outsel=0, asel=1, bsel=0, oen=1, OUT=        30
                 416clk=1, addressA= 2, addressB= 2, dataIn=         0, opsel=1, outsel=0, asel=1, bsel=0, oen=1, OUT=        30
                 417clk=1, addressA= 2, addressB= 2, dataIn=         0, opsel=1, outsel=0, asel=1, bsel=0, oen=1, OUT=        30
                 418clk=1, addressA= 2, addressB= 2, dataIn=         0, opsel=1, outsel=0, asel=1, bsel=0, oen=1, OUT=        30
                 419clk=1, addressA= 2, addressB= 2, dataIn=         0, opsel=1, outsel=0, asel=1, bsel=0, oen=1, OUT=        30
                 420clk=0, addressA=20, addressB=20, dataIn=         0, opsel=1, outsel=0, asel=1, bsel=0, oen=1, OUT=        30
                 421clk=0, addressA=20, addressB=20, dataIn=         0, opsel=1, outsel=0, asel=1, bsel=0, oen=1, OUT=        30
                 422clk=0, addressA=20, addressB=20, dataIn=         0, opsel=1, outsel=0, asel=1, bsel=0, oen=1, OUT=        30
                 423clk=0, addressA=20, addressB=20, dataIn=         0, opsel=1, outsel=0, asel=1, bsel=0, oen=1, OUT=        30
                 424clk=0, addressA=20, addressB=20, dataIn=         0, opsel=1, outsel=0, asel=1, bsel=0, oen=1, OUT=        30
                 425clk=0, addressA=20, addressB=20, dataIn=         0, opsel=1, outsel=0, asel=1, bsel=0, oen=1, OUT=        30
                 426clk=0, addressA=20, addressB=20, dataIn=         0, opsel=1, outsel=0, asel=1, bsel=0, oen=1, OUT=        30
                 427clk=0, addressA=20, addressB=20, dataIn=         0, opsel=1, outsel=0, asel=1, bsel=0, oen=1, OUT=        30
                 428clk=0, addressA=20, addressB=20, dataIn=         0, opsel=1, outsel=0, asel=1, bsel=0, oen=1, OUT=        30
                 429clk=0, addressA=20, addressB=20, dataIn=         0, opsel=1, outsel=0, asel=1, bsel=0, oen=1, OUT=        30
                 430clk=0, addressA=20, addressB=20, dataIn=         0, opsel=1, outsel=0, asel=1, bsel=0, oen=1, OUT=        30
                 431clk=0, addressA=20, addressB=20, dataIn=         0, opsel=1, outsel=0, asel=1, bsel=0, oen=1, OUT=        30
                 432clk=0, addressA=20, addressB=20, dataIn=         0, opsel=1, outsel=0, asel=1, bsel=0, oen=1, OUT=        30
                 433clk=0, addressA=20, addressB=20, dataIn=         0, opsel=1, outsel=0, asel=1, bsel=0, oen=1, OUT=        30
                 434clk=0, addressA=20, addressB=20, dataIn=         0, opsel=1, outsel=0, asel=1, bsel=0, oen=1, OUT=        30
                 435clk=0, addressA=20, addressB=20, dataIn=         0, opsel=1, outsel=0, asel=1, bsel=0, oen=1, OUT=        30
                 436clk=0, addressA=20, addressB=20, dataIn=         0, opsel=1, outsel=0, asel=1, bsel=0, oen=1, OUT=        30
                 437clk=0, addressA=20, addressB=20, dataIn=         0, opsel=1, outsel=0, asel=1, bsel=0, oen=1, OUT=        30
                 438clk=0, addressA=20, addressB=20, dataIn=         0, opsel=1, outsel=0, asel=1, bsel=0, oen=1, OUT=        30
                 439clk=0, addressA=20, addressB=20, dataIn=         0, opsel=1, outsel=0, asel=1, bsel=0, oen=1, OUT=        30
                 440clk=1, addressA=20, addressB=20, dataIn=         0, opsel=1, outsel=0, asel=1, bsel=0, oen=1, OUT=        30
                 441clk=1, addressA=20, addressB=20, dataIn=         0, opsel=1, outsel=0, asel=1, bsel=0, oen=1, OUT=4294967236
                 442clk=1, addressA=20, addressB=20, dataIn=         0, opsel=1, outsel=0, asel=1, bsel=0, oen=1, OUT=4294967236
                 443clk=1, addressA=20, addressB=20, dataIn=         0, opsel=1, outsel=0, asel=1, bsel=0, oen=1, OUT=4294967236
                 444clk=1, addressA=20, addressB=20, dataIn=         0, opsel=1, outsel=0, asel=1, bsel=0, oen=1, OUT=4294967236
                 445clk=1, addressA=20, addressB=20, dataIn=         0, opsel=1, outsel=0, asel=1, bsel=0, oen=1, OUT=4294967236
                 446clk=1, addressA=20, addressB=20, dataIn=         0, opsel=1, outsel=0, asel=1, bsel=0, oen=1, OUT=4294967236
                 447clk=1, addressA=20, addressB=20, dataIn=         0, opsel=1, outsel=0, asel=1, bsel=0, oen=1, OUT=4294967236
                 448clk=1, addressA=20, addressB=20, dataIn=         0, opsel=1, outsel=0, asel=1, bsel=0, oen=1, OUT=4294967236
                 449clk=1, addressA=20, addressB=20, dataIn=         0, opsel=1, outsel=0, asel=1, bsel=0, oen=1, OUT=4294967236
                 450clk=1, addressA=20, addressB=20, dataIn=         0, opsel=1, outsel=0, asel=1, bsel=0, oen=1, OUT=4294967236
                 451clk=1, addressA=20, addressB=20, dataIn=         0, opsel=1, outsel=0, asel=1, bsel=0, oen=1, OUT=4294967236
                 452clk=1, addressA=20, addressB=20, dataIn=         0, opsel=1, outsel=0, asel=1, bsel=0, oen=1, OUT=4294967236
                 453clk=1, addressA=20, addressB=20, dataIn=         0, opsel=1, outsel=0, asel=1, bsel=0, oen=1, OUT=4294967236
                 454clk=1, addressA=20, addressB=20, dataIn=         0, opsel=1, outsel=0, asel=1, bsel=0, oen=1, OUT=4294967236
                 455clk=1, addressA=20, addressB=20, dataIn=         0, opsel=1, outsel=0, asel=1, bsel=0, oen=1, OUT=4294967236
                 456clk=1, addressA=20, addressB=20, dataIn=         0, opsel=1, outsel=0, asel=1, bsel=0, oen=1, OUT=4294967236
                 457clk=1, addressA=20, addressB=20, dataIn=         0, opsel=1, outsel=0, asel=1, bsel=0, oen=1, OUT=4294967236
                 458clk=1, addressA=20, addressB=20, dataIn=         0, opsel=1, outsel=0, asel=1, bsel=0, oen=1, OUT=4294967236
                 459clk=1, addressA=20, addressB=20, dataIn=         0, opsel=1, outsel=0, asel=1, bsel=0, oen=1, OUT=4294967236
                 460clk=0, addressA=20, addressB=20, dataIn=         0, opsel=1, outsel=0, asel=1, bsel=0, oen=1, OUT=4294967236
                 461clk=0, addressA=20, addressB=20, dataIn=         0, opsel=1, outsel=0, asel=1, bsel=0, oen=1, OUT=4294967236
                 462clk=0, addressA=20, addressB=20, dataIn=         0, opsel=1, outsel=0, asel=1, bsel=0, oen=1, OUT=4294967236
                 463clk=0, addressA=20, addressB=20, dataIn=         0, opsel=1, outsel=0, asel=1, bsel=0, oen=1, OUT=4294967236
                 464clk=0, addressA=20, addressB=20, dataIn=         0, opsel=1, outsel=0, asel=1, bsel=0, oen=1, OUT=4294967236
                 465clk=0, addressA=20, addressB=20, dataIn=         0, opsel=1, outsel=0, asel=1, bsel=0, oen=1, OUT=4294967236
                 466clk=0, addressA=20, addressB=20, dataIn=         0, opsel=1, outsel=0, asel=1, bsel=0, oen=1, OUT=4294967236
                 467clk=0, addressA=20, addressB=20, dataIn=         0, opsel=1, outsel=0, asel=1, bsel=0, oen=1, OUT=4294967236
                 468clk=0, addressA=20, addressB=20, dataIn=         0, opsel=1, outsel=0, asel=1, bsel=0, oen=1, OUT=4294967236
                 469clk=0, addressA=20, addressB=20, dataIn=         0, opsel=1, outsel=0, asel=1, bsel=0, oen=1, OUT=4294967236
                 470clk=0, addressA=20, addressB=20, dataIn=         0, opsel=1, outsel=0, asel=1, bsel=0, oen=1, OUT=4294967236
                 471clk=0, addressA=20, addressB=20, dataIn=         0, opsel=1, outsel=0, asel=1, bsel=0, oen=1, OUT=4294967236
                 472clk=0, addressA=20, addressB=20, dataIn=         0, opsel=1, outsel=0, asel=1, bsel=0, oen=1, OUT=4294967236
                 473clk=0, addressA=20, addressB=20, dataIn=         0, opsel=1, outsel=0, asel=1, bsel=0, oen=1, OUT=4294967236
                 474clk=0, addressA=20, addressB=20, dataIn=         0, opsel=1, outsel=0, asel=1, bsel=0, oen=1, OUT=4294967236
                 475clk=0, addressA=20, addressB=20, dataIn=         0, opsel=1, outsel=0, asel=1, bsel=0, oen=1, OUT=4294967236
                 476clk=0, addressA=20, addressB=20, dataIn=         0, opsel=1, outsel=0, asel=1, bsel=0, oen=1, OUT=4294967236
                 477clk=0, addressA=20, addressB=20, dataIn=         0, opsel=1, outsel=0, asel=1, bsel=0, oen=1, OUT=4294967236
                 478clk=0, addressA=20, addressB=20, dataIn=         0, opsel=1, outsel=0, asel=1, bsel=0, oen=1, OUT=4294967236
                 479clk=0, addressA=20, addressB=20, dataIn=         0, opsel=1, outsel=0, asel=1, bsel=0, oen=1, OUT=4294967236
                 480clk=1, addressA=20, addressB=20, dataIn=         0, opsel=1, outsel=0, asel=1, bsel=0, oen=1, OUT=4294967236
                 481clk=1, addressA=20, addressB=20, dataIn=         0, opsel=1, outsel=0, asel=1, bsel=0, oen=1, OUT=4294967236
                 482clk=1, addressA=20, addressB=20, dataIn=         0, opsel=1, outsel=0, asel=1, bsel=0, oen=1, OUT=4294967236
                 483clk=1, addressA=20, addressB=20, dataIn=         0, opsel=1, outsel=0, asel=1, bsel=0, oen=1, OUT=4294967236
                 484clk=1, addressA=20, addressB=20, dataIn=         0, opsel=1, outsel=0, asel=1, bsel=0, oen=1, OUT=4294967236
                 485clk=1, addressA=20, addressB=20, dataIn=         0, opsel=1, outsel=0, asel=1, bsel=0, oen=1, OUT=4294967236
                 486clk=1, addressA=20, addressB=20, dataIn=         0, opsel=1, outsel=0, asel=1, bsel=0, oen=1, OUT=4294967236
                 487clk=1, addressA=20, addressB=20, dataIn=         0, opsel=1, outsel=0, asel=1, bsel=0, oen=1, OUT=4294967236
                 488clk=1, addressA=20, addressB=20, dataIn=         0, opsel=1, outsel=0, asel=1, bsel=0, oen=1, OUT=4294967236
                 489clk=1, addressA=20, addressB=20, dataIn=         0, opsel=1, outsel=0, asel=1, bsel=0, oen=1, OUT=4294967236
                 490clk=1, addressA=20, addressB=20, dataIn=         0, opsel=1, outsel=0, asel=1, bsel=0, oen=1, OUT=4294967236
                 491clk=1, addressA=20, addressB=20, dataIn=         0, opsel=1, outsel=0, asel=1, bsel=0, oen=1, OUT=4294967236
                 492clk=1, addressA=20, addressB=20, dataIn=         0, opsel=1, outsel=0, asel=1, bsel=0, oen=1, OUT=4294967236
                 493clk=1, addressA=20, addressB=20, dataIn=         0, opsel=1, outsel=0, asel=1, bsel=0, oen=1, OUT=4294967236
                 494clk=1, addressA=20, addressB=20, dataIn=         0, opsel=1, outsel=0, asel=1, bsel=0, oen=1, OUT=4294967236
                 495clk=1, addressA=20, addressB=20, dataIn=         0, opsel=1, outsel=0, asel=1, bsel=0, oen=1, OUT=4294967236
                 496clk=1, addressA=20, addressB=20, dataIn=         0, opsel=1, outsel=0, asel=1, bsel=0, oen=1, OUT=4294967236
                 497clk=1, addressA=20, addressB=20, dataIn=         0, opsel=1, outsel=0, asel=1, bsel=0, oen=1, OUT=4294967236
                 498clk=1, addressA=20, addressB=20, dataIn=         0, opsel=1, outsel=0, asel=1, bsel=0, oen=1, OUT=4294967236
                 499clk=1, addressA=20, addressB=20, dataIn=         0, opsel=1, outsel=0, asel=1, bsel=0, oen=1, OUT=4294967236
                 500clk=0, addressA=20, addressB=20, dataIn=         0, opsel=1, outsel=0, asel=1, bsel=0, oen=1, OUT=4294967236
