This is pdfTeX, Version 3.1415926-2.5-1.40.14 (MiKTeX 2.9) (preloaded format=pdflatex 2015.4.2)  21 OCT 2015 04:40
entering extended mode
**report.tex
(C:\Users\Adam\classes\ECE429\labs\lab5\report.tex
LaTeX2e <2011/06/27>
Babel <v3.8m> and hyphenation patterns for english, afrikaans, ancientgreek, ar
abic, armenian, assamese, basque, bengali, bokmal, bulgarian, catalan, coptic, 
croatian, czech, danish, dutch, esperanto, estonian, farsi, finnish, french, ga
lician, german, german-x-2013-05-26, greek, gujarati, hindi, hungarian, iceland
ic, indonesian, interlingua, irish, italian, kannada, kurmanji, latin, latvian,
 lithuanian, malayalam, marathi, mongolian, mongolianlmc, monogreek, ngerman, n
german-x-2013-05-26, nynorsk, oriya, panjabi, pinyin, polish, portuguese, roman
ian, russian, sanskrit, serbian, slovak, slovenian, spanish, swedish, swissgerm
an, tamil, telugu, turkish, turkmen, ukenglish, ukrainian, uppersorbian, usengl
ishmax, welsh, loaded.
("C:\Program Files (x86)\MiKTeX 2.9\tex\latex\base\article.cls"
Document Class: article 2007/10/19 v1.4h Standard LaTeX document class
("C:\Program Files (x86)\MiKTeX 2.9\tex\latex\base\size12.clo"
File: size12.clo 2007/10/19 v1.4h Standard LaTeX file (size option)
)
\c@part=\count79
\c@section=\count80
\c@subsection=\count81
\c@subsubsection=\count82
\c@paragraph=\count83
\c@subparagraph=\count84
\c@figure=\count85
\c@table=\count86
\abovecaptionskip=\skip41
\belowcaptionskip=\skip42
\bibindent=\dimen102
)
("C:\Program Files (x86)\MiKTeX 2.9\tex\latex\geometry\geometry.sty"
Package: geometry 2010/09/12 v5.6 Page Geometry

("C:\Program Files (x86)\MiKTeX 2.9\tex\latex\graphics\keyval.sty"
Package: keyval 1999/03/16 v1.13 key=value parser (DPC)
\KV@toks@=\toks14
)
("C:\Program Files (x86)\MiKTeX 2.9\tex\generic\oberdiek\ifpdf.sty"
Package: ifpdf 2011/01/30 v2.3 Provides the ifpdf switch (HO)
Package ifpdf Info: pdfTeX in PDF mode is detected.
)
("C:\Program Files (x86)\MiKTeX 2.9\tex\generic\oberdiek\ifvtex.sty"
Package: ifvtex 2010/03/01 v1.5 Detect VTeX and its facilities (HO)
Package ifvtex Info: VTeX not detected.
)
("C:\Program Files (x86)\MiKTeX 2.9\tex\generic\ifxetex\ifxetex.sty"
Package: ifxetex 2010/09/12 v0.6 Provides ifxetex conditional
)
\Gm@cnth=\count87
\Gm@cntv=\count88
\c@Gm@tempcnt=\count89
\Gm@bindingoffset=\dimen103
\Gm@wd@mp=\dimen104
\Gm@odd@mp=\dimen105
\Gm@even@mp=\dimen106
\Gm@layoutwidth=\dimen107
\Gm@layoutheight=\dimen108
\Gm@layouthoffset=\dimen109
\Gm@layoutvoffset=\dimen110
\Gm@dimlist=\toks15

("C:\Program Files (x86)\MiKTeX 2.9\tex\latex\geometry\geometry.cfg"))
("C:\Program Files (x86)\MiKTeX 2.9\tex\latex\graphics\graphicx.sty"
Package: graphicx 1999/02/16 v1.0f Enhanced LaTeX Graphics (DPC,SPQR)

("C:\Program Files (x86)\MiKTeX 2.9\tex\latex\graphics\graphics.sty"
Package: graphics 2009/02/05 v1.0o Standard LaTeX Graphics (DPC,SPQR)

("C:\Program Files (x86)\MiKTeX 2.9\tex\latex\graphics\trig.sty"
Package: trig 1999/03/16 v1.09 sin cos tan (DPC)
)
("C:\Program Files (x86)\MiKTeX 2.9\tex\latex\00miktex\graphics.cfg"
File: graphics.cfg 2007/01/18 v1.5 graphics configuration of teTeX/TeXLive
)
Package graphics Info: Driver file: pdftex.def on input line 91.

("C:\Program Files (x86)\MiKTeX 2.9\tex\latex\pdftex-def\pdftex.def"
File: pdftex.def 2011/05/27 v0.06d Graphics/color for pdfTeX

("C:\Program Files (x86)\MiKTeX 2.9\tex\generic\oberdiek\infwarerr.sty"
Package: infwarerr 2010/04/08 v1.3 Providing info/warning/error messages (HO)
)
("C:\Program Files (x86)\MiKTeX 2.9\tex\generic\oberdiek\ltxcmds.sty"
Package: ltxcmds 2011/11/09 v1.22 LaTeX kernel commands for general use (HO)
)
\Gread@gobject=\count90
))
\Gin@req@height=\dimen111
\Gin@req@width=\dimen112
)
("C:\Program Files (x86)\MiKTeX 2.9\tex\latex\float\float.sty"
Package: float 2001/11/08 v1.3d Float enhancements (AL)
\c@float@type=\count91
\float@exts=\toks16
\float@box=\box26
\@float@everytoks=\toks17
\@floatcapt=\box27
)
(C:\Users\Adam\AppData\Roaming\MiKTeX\2.9\tex\latex\url\url.sty
\Urlmuskip=\muskip10
Package: url 2013/09/16  ver 3.4  Verb mode for urls, etc.
)
(C:\Users\Adam\AppData\Roaming\MiKTeX\2.9\tex\latex\listings\listings.sty
\lst@mode=\count92
\lst@gtempboxa=\box28
\lst@token=\toks18
\lst@length=\count93
\lst@currlwidth=\dimen113
\lst@column=\count94
\lst@pos=\count95
\lst@lostspace=\dimen114
\lst@width=\dimen115
\lst@newlines=\count96
\lst@lineno=\count97
\lst@maxwidth=\dimen116

(C:\Users\Adam\AppData\Roaming\MiKTeX\2.9\tex\latex\listings\lstmisc.sty
File: lstmisc.sty 2014/09/06 1.5e (Carsten Heinz)
\c@lstnumber=\count98
\lst@skipnumbers=\count99
\lst@framebox=\box29
)
(C:\Users\Adam\AppData\Roaming\MiKTeX\2.9\tex\latex\listings\listings.cfg
File: listings.cfg 2014/09/06 1.5e listings configuration
))
Package: listings 2014/09/06 1.5e (Carsten Heinz)

("C:\Program Files (x86)\MiKTeX 2.9\tex\latex\graphics\color.sty"
Package: color 2005/11/14 v1.0j Standard LaTeX Color (DPC)

("C:\Program Files (x86)\MiKTeX 2.9\tex\latex\00miktex\color.cfg"
File: color.cfg 2007/01/18 v1.5 color configuration of teTeX/TeXLive
)
Package color Info: Driver file: pdftex.def on input line 130.
)
(C:\Users\Adam\AppData\Roaming\MiKTeX\2.9\tex\latex\listings\lstlang1.sty
File: lstlang1.sty 2014/09/06 1.5e listings language file
)
(C:\Users\Adam\AppData\Roaming\MiKTeX\2.9\tex\latex\listings\lstmisc.sty
File: lstmisc.sty 2014/09/06 1.5e (Carsten Heinz)
)
(C:\Users\Adam\classes\ECE429\labs\lab5\report.aux)
LaTeX Font Info:    Checking defaults for OML/cmm/m/it on input line 40.
LaTeX Font Info:    ... okay on input line 40.
LaTeX Font Info:    Checking defaults for T1/cmr/m/n on input line 40.
LaTeX Font Info:    ... okay on input line 40.
LaTeX Font Info:    Checking defaults for OT1/cmr/m/n on input line 40.
LaTeX Font Info:    ... okay on input line 40.
LaTeX Font Info:    Checking defaults for OMS/cmsy/m/n on input line 40.
LaTeX Font Info:    ... okay on input line 40.
LaTeX Font Info:    Checking defaults for OMX/cmex/m/n on input line 40.
LaTeX Font Info:    ... okay on input line 40.
LaTeX Font Info:    Checking defaults for U/cmr/m/n on input line 40.
LaTeX Font Info:    ... okay on input line 40.

*geometry* driver: auto-detecting
*geometry* detected driver: pdftex
*geometry* verbose mode - [ preamble ] result:
* driver: pdftex
* paper: <default>
* layout: <same size as paper>
* layoutoffset:(h,v)=(0.0pt,0.0pt)
* modes: 
* h-part:(L,W,R)=(85.35826pt, 443.57848pt, 85.35826pt)
* v-part:(T,H,B)=(85.35826pt, 624.25346pt, 85.35826pt)
* \paperwidth=614.295pt
* \paperheight=794.96999pt
* \textwidth=443.57848pt
* \textheight=624.25346pt
* \oddsidemargin=13.08827pt
* \evensidemargin=13.08827pt
* \topmargin=-23.91173pt
* \headheight=12.0pt
* \headsep=25.0pt
* \topskip=12.0pt
* \footskip=30.0pt
* \marginparwidth=44.0pt
* \marginparsep=10.0pt
* \columnsep=10.0pt
* \skip\footins=10.8pt plus 4.0pt minus 2.0pt
* \hoffset=0.0pt
* \voffset=0.0pt
* \mag=1000
* \@twocolumnfalse
* \@twosidefalse
* \@mparswitchfalse
* \@reversemarginfalse
* (1in=72.27pt=25.4mm, 1cm=28.453pt)

(C:\Users\Adam\AppData\Roaming\MiKTeX\2.9\tex\context\base\supp-pdf.mkii
[Loading MPS to PDF converter (version 2006.09.02).]
\scratchcounter=\count100
\scratchdimen=\dimen117
\scratchbox=\box30
\nofMPsegments=\count101
\nofMParguments=\count102
\everyMPshowfont=\toks19
\MPscratchCnt=\count103
\MPscratchDim=\dimen118
\MPnumerator=\count104
\makeMPintoPDFobject=\count105
\everyMPtoPDFconversion=\toks20
)
\c@lstlisting=\count106
LaTeX Font Info:    External font `cmex10' loaded for size
(Font)              <14.4> on input line 60.
LaTeX Font Info:    External font `cmex10' loaded for size
(Font)              <7> on input line 60.
 [1

{C:/Users/Adam/AppData/Local/MiKTeX/2.9/pdftex/config/pdftex.map}]
<prelab-stick.jpg, id=10, 1282.7925pt x 721.69624pt>
File: prelab-stick.jpg Graphic file (type jpg)
 <use prelab-stick.jpg>
Package pdftex.def Info: prelab-stick.jpg used on input line 77.
(pdftex.def)             Requested size: 310.50357pt x 174.68626pt.

[1] <prelab-design.jpg, id=14, 508.14844pt x 286.06876pt>
File: prelab-design.jpg Graphic file (type jpg)

<use prelab-design.jpg>
Package pdftex.def Info: prelab-design.jpg used on input line 84.
(pdftex.def)             Requested size: 310.50357pt x 174.80724pt.
 <nand2-layout.png, id=15, 333.49594pt x 372.64218pt>
File: nand2-layout.png Graphic file (type png)

<use nand2-layout.png>
Package pdftex.def Info: nand2-layout.png used on input line 93.
(pdftex.def)             Requested size: 443.57848pt x 495.6818pt.
 [2 <C:/Users/Adam/classes/ECE429/labs/lab5/prelab-stick.jpg> <C:/Users/Adam/cl
asses/ECE429/labs/lab5/prelab-design.jpg>]
<and2-schematic.png, id=20, 415.5525pt x 99.37125pt>
File: and2-schematic.png Graphic file (type png)
 <use and2-schematic.png>
Package pdftex.def Info: and2-schematic.png used on input line 100.
(pdftex.def)             Requested size: 443.57848pt x 106.0775pt.

[3 <C:/Users/Adam/classes/ECE429/labs/lab5/nand2-layout.png>]
<and2-layout.png, id=25, 448.67625pt x 292.84406pt>
File: and2-layout.png Graphic file (type png)
 <use and2-layout.png>
Package pdftex.def Info: and2-layout.png used on input line 107.
(pdftex.def)             Requested size: 443.57848pt x 289.52776pt.

<and2-test-circuit.png, id=26, 485.56406pt x 274.77657pt>
File: and2-test-circuit.png Graphic file (type png)

<use and2-test-circuit.png>
Package pdftex.def Info: and2-test-circuit.png used on input line 115.
(pdftex.def)             Requested size: 443.57848pt x 251.01558pt.
 <drc-nand2.png, id=27, 352.31625pt x 389.20406pt>
File: drc-nand2.png Graphic file (type png)

<use drc-nand2.png>
Package pdftex.def Info: drc-nand2.png used on input line 127.
(pdftex.def)             Requested size: 310.50357pt x 343.01137pt.
 [4 <C:/Users/Adam/classes/ECE429/labs/lab5/and2-schematic.png> <C:/Users/Adam/
classes/ECE429/labs/lab5/and2-layout.png>]
Overfull \vbox (70.19011pt too high) has occurred while \output is active []


[5 <C:/Users/Adam/classes/ECE429/labs/lab5/and2-test-circuit.png> <C:/Users/Ada
m/classes/ECE429/labs/lab5/drc-nand2.png>]
<nand2-lvs.png, id=38, 616.55344pt x 341.77687pt>
File: nand2-lvs.png Graphic file (type png)
 <use nand2-lvs.png>
Package pdftex.def Info: nand2-lvs.png used on input line 134.
(pdftex.def)             Requested size: 310.50357pt x 172.12398pt.

<and2-drc.png, id=39, 390.70969pt x 237.13594pt>
File: and2-drc.png Graphic file (type png)
 <use and2-drc.png>
Package pdftex.def Info: and2-drc.png used on input line 141.
(pdftex.def)             Requested size: 310.50357pt x 188.46426pt.

<and2-lvs.png, id=40, 389.20406pt x 339.51843pt>
File: and2-lvs.png Graphic file (type png)
 <use and2-lvs.png>
Package pdftex.def Info: and2-lvs.png used on input line 148.
(pdftex.def)             Requested size: 310.50357pt x 270.87427pt.
 [6 <C:/Users/Adam/classes/ECE429/labs/lab5/nand2-lvs.png> <C:/Users/Adam/class
es/ECE429/labs/lab5/and2-drc.png>]
<verilog-verified.png, id=47, 599.99156pt x 237.13594pt>
File: verilog-verified.png Graphic file (type png)

<use verilog-verified.png>
Package pdftex.def Info: verilog-verified.png used on input line 156.
(pdftex.def)             Requested size: 310.50357pt x 122.7252pt.
 <10-11-delay.png, id=48, 676.77844pt x 413.29407pt>
File: 10-11-delay.png Graphic file (type png)

<use 10-11-delay.png>
Package pdftex.def Info: 10-11-delay.png used on input line 164.
(pdftex.def)             Requested size: 443.57848pt x 270.88931pt.
LaTeX Font Info:    External font `cmex10' loaded for size
(Font)              <12> on input line 165.
LaTeX Font Info:    External font `cmex10' loaded for size
(Font)              <8> on input line 165.
LaTeX Font Info:    External font `cmex10' loaded for size
(Font)              <6> on input line 165.
 <01-11-delay.png, id=49, 673.76718pt x 414.04688pt>
File: 01-11-delay.png Graphic file (type png)

<use 01-11-delay.png>
Package pdftex.def Info: 01-11-delay.png used on input line 171.
(pdftex.def)             Requested size: 443.57848pt x 272.59576pt.
 [7 <C:/Users/Adam/classes/ECE429/labs/lab5/and2-lvs.png> <C:/Users/Adam/classe
s/ECE429/labs/lab5/verilog-verified.png>]
<00-11-delay.png, id=55, 666.23906pt x 414.04688pt>
File: 00-11-delay.png Graphic file (type png)
 <use 00-11-delay.png>
Package pdftex.def Info: 00-11-delay.png used on input line 179.
(pdftex.def)             Requested size: 443.57848pt x 275.67255pt.

[8 <C:/Users/Adam/classes/ECE429/labs/lab5/10-11-delay.png> <C:/Users/Adam/clas
ses/ECE429/labs/lab5/01-11-delay.png>] [9 <C:/Users/Adam/classes/ECE429/labs/la
b5/00-11-delay.png>] (C:\Users\Adam\classes\ECE429\labs\lab5\report.aux) ) 
Here is how much of TeX's memory you used:
 3139 strings out of 493921
 45229 string characters out of 3144880
 131769 words of memory out of 3000000
 6413 multiletter control sequences out of 15000+200000
 8804 words of font info for 31 fonts, out of 3000000 for 9000
 841 hyphenation exceptions out of 8191
 27i,9n,49p,1187b,258s stack positions out of 5000i,500n,10000p,200000b,50000s
<C:/P
rogram Files (x86)/MiKTeX 2.9/fonts/type1/public/amsfonts/cm/cmbx12.pfb><C:/Pro
gram Files (x86)/MiKTeX 2.9/fonts/type1/public/amsfonts/cm/cmcsc10.pfb><C:/Prog
ram Files (x86)/MiKTeX 2.9/fonts/type1/public/amsfonts/cm/cmr10.pfb><C:/Program
 Files (x86)/MiKTeX 2.9/fonts/type1/public/amsfonts/cm/cmr12.pfb><C:/Program Fi
les (x86)/MiKTeX 2.9/fonts/type1/public/amsfonts/cm/cmr17.pfb><C:/Program Files
 (x86)/MiKTeX 2.9/fonts/type1/public/amsfonts/cm/cmsy10.pfb>
Output written on report.pdf (10 pages, 358104 bytes).
PDF statistics:
 86 PDF objects out of 1000 (max. 8388607)
 0 named destinations out of 1000 (max. 500000)
 71 words of extra memory for PDF output out of 10000 (max. 10000000)

